{
  "/home/egi/projects/dicoding/react-expert/src/components/Comment.jsx": {
    "path": "/home/egi/projects/dicoding/react-expert/src/components/Comment.jsx",
    "statementMap": {
      "0": {
        "start": { "line": 17, "column": 27 },
        "end": { "line": 32, "column": 2 }
      },
      "1": {
        "start": { "line": 35, "column": 40 },
        "end": { "line": 39, "column": 3 }
      },
      "2": {
        "start": { "line": 41, "column": 19 },
        "end": { "line": 41, "column": 32 }
      },
      "3": {
        "start": { "line": 44, "column": 4 },
        "end": { "line": 48, "column": 5 }
      },
      "4": {
        "start": { "line": 45, "column": 6 },
        "end": { "line": 45, "column": 71 }
      },
      "5": {
        "start": { "line": 47, "column": 6 },
        "end": { "line": 47, "column": 63 }
      },
      "6": {
        "start": { "line": 52, "column": 4 },
        "end": { "line": 56, "column": 5 }
      },
      "7": {
        "start": { "line": 53, "column": 6 },
        "end": { "line": 53, "column": 71 }
      },
      "8": {
        "start": { "line": 55, "column": 6 },
        "end": { "line": 55, "column": 65 }
      },
      "9": {
        "start": { "line": 59, "column": 2 },
        "end": { "line": 119, "column": 4 }
      }
    },
    "fnMap": {
      "0": {
        "name": "Comment",
        "decl": {
          "start": { "line": 34, "column": 9 },
          "end": { "line": 34, "column": 16 }
        },
        "loc": {
          "start": { "line": 34, "column": 24 },
          "end": { "line": 120, "column": 1 }
        },
        "line": 34
      },
      "1": {
        "name": "handleUpVote",
        "decl": {
          "start": { "line": 43, "column": 11 },
          "end": { "line": 43, "column": 23 }
        },
        "loc": {
          "start": { "line": 43, "column": 26 },
          "end": { "line": 49, "column": 3 }
        },
        "line": 43
      },
      "2": {
        "name": "handleDownVote",
        "decl": {
          "start": { "line": 51, "column": 11 },
          "end": { "line": 51, "column": 25 }
        },
        "loc": {
          "start": { "line": 51, "column": 28 },
          "end": { "line": 57, "column": 3 }
        },
        "line": 51
      }
    },
    "branchMap": {
      "0": {
        "loc": {
          "start": { "line": 44, "column": 4 },
          "end": { "line": 48, "column": 5 }
        },
        "type": "if",
        "locations": [
          {
            "start": { "line": 44, "column": 4 },
            "end": { "line": 48, "column": 5 }
          },
          {
            "start": { "line": 46, "column": 11 },
            "end": { "line": 48, "column": 5 }
          }
        ],
        "line": 44
      },
      "1": {
        "loc": {
          "start": { "line": 52, "column": 4 },
          "end": { "line": 56, "column": 5 }
        },
        "type": "if",
        "locations": [
          {
            "start": { "line": 52, "column": 4 },
            "end": { "line": 56, "column": 5 }
          },
          {
            "start": { "line": 54, "column": 11 },
            "end": { "line": 56, "column": 5 }
          }
        ],
        "line": 52
      },
      "2": {
        "loc": {
          "start": { "line": 83, "column": 18 },
          "end": { "line": 83, "column": 71 }
        },
        "type": "cond-expr",
        "locations": [
          {
            "start": { "line": 83, "column": 55 },
            "end": { "line": 83, "column": 61 }
          },
          {
            "start": { "line": 83, "column": 64 },
            "end": { "line": 83, "column": 71 }
          }
        ],
        "line": 83
      },
      "3": {
        "loc": {
          "start": { "line": 88, "column": 17 },
          "end": { "line": 92, "column": 17 }
        },
        "type": "cond-expr",
        "locations": [
          {
            "start": { "line": 89, "column": 18 },
            "end": { "line": 89, "column": 32 }
          },
          {
            "start": { "line": 91, "column": 18 },
            "end": { "line": 91, "column": 35 }
          }
        ],
        "line": 88
      },
      "4": {
        "loc": {
          "start": { "line": 100, "column": 18 },
          "end": { "line": 100, "column": 73 }
        },
        "type": "cond-expr",
        "locations": [
          {
            "start": { "line": 100, "column": 57 },
            "end": { "line": 100, "column": 63 }
          },
          {
            "start": { "line": 100, "column": 66 },
            "end": { "line": 100, "column": 73 }
          }
        ],
        "line": 100
      },
      "5": {
        "loc": {
          "start": { "line": 105, "column": 17 },
          "end": { "line": 109, "column": 17 }
        },
        "type": "cond-expr",
        "locations": [
          {
            "start": { "line": 106, "column": 18 },
            "end": { "line": 106, "column": 34 }
          },
          {
            "start": { "line": 108, "column": 18 },
            "end": { "line": 108, "column": 37 }
          }
        ],
        "line": 105
      }
    },
    "s": {
      "0": 1,
      "1": 5,
      "2": 5,
      "3": 2,
      "4": 1,
      "5": 1,
      "6": 2,
      "7": 1,
      "8": 1,
      "9": 5
    },
    "f": { "0": 5, "1": 2, "2": 2 },
    "b": {
      "0": [1, 1],
      "1": [1, 1],
      "2": [1, 4],
      "3": [1, 4],
      "4": [1, 4],
      "5": [1, 4]
    },
    "_coverageSchema": "1a1c01bbd47fc00a2c39e90264f33305004495a9",
    "hash": "53dafd8bd99efc927f4d809a233db0e6ddb2f900"
  },
  "/home/egi/projects/dicoding/react-expert/src/components/CreateThreadLink.jsx": {
    "path": "/home/egi/projects/dicoding/react-expert/src/components/CreateThreadLink.jsx",
    "statementMap": {
      "0": {
        "start": { "line": 5, "column": 2 },
        "end": { "line": 31, "column": 4 }
      }
    },
    "fnMap": {
      "0": {
        "name": "CreateThreadLink",
        "decl": {
          "start": { "line": 4, "column": 24 },
          "end": { "line": 4, "column": 40 }
        },
        "loc": {
          "start": { "line": 4, "column": 43 },
          "end": { "line": 32, "column": 1 }
        },
        "line": 4
      }
    },
    "branchMap": {},
    "s": { "0": 1 },
    "f": { "0": 1 },
    "b": {},
    "_coverageSchema": "1a1c01bbd47fc00a2c39e90264f33305004495a9",
    "hash": "5ede3ddf565e52b5a9ebbf877d39b8cab69a8fe1"
  },
  "/home/egi/projects/dicoding/react-expert/src/components/Footer.jsx": {
    "path": "/home/egi/projects/dicoding/react-expert/src/components/Footer.jsx",
    "statementMap": {
      "0": {
        "start": { "line": 4, "column": 2 },
        "end": { "line": 220, "column": 4 }
      }
    },
    "fnMap": {
      "0": {
        "name": "Footer",
        "decl": {
          "start": { "line": 3, "column": 9 },
          "end": { "line": 3, "column": 15 }
        },
        "loc": {
          "start": { "line": 3, "column": 18 },
          "end": { "line": 221, "column": 1 }
        },
        "line": 3
      }
    },
    "branchMap": {},
    "s": { "0": 1 },
    "f": { "0": 1 },
    "b": {},
    "_coverageSchema": "1a1c01bbd47fc00a2c39e90264f33305004495a9",
    "hash": "19c7099cbe2b745ceb46b34e80980ec27c0217b4"
  },
  "/home/egi/projects/dicoding/react-expert/src/components/Header.jsx": {
    "path": "/home/egi/projects/dicoding/react-expert/src/components/Header.jsx",
    "statementMap": {
      "0": {
        "start": { "line": 6, "column": 26 },
        "end": { "line": 13, "column": 2 }
      },
      "1": {
        "start": { "line": 16, "column": 33 },
        "end": { "line": 20, "column": 3 }
      },
      "2": {
        "start": { "line": 22, "column": 19 },
        "end": { "line": 22, "column": 32 }
      },
      "3": {
        "start": { "line": 23, "column": 19 },
        "end": { "line": 23, "column": 32 }
      },
      "4": {
        "start": { "line": 24, "column": 26 },
        "end": { "line": 24, "column": 47 }
      },
      "5": {
        "start": { "line": 25, "column": 18 },
        "end": { "line": 25, "column": 36 }
      },
      "6": {
        "start": { "line": 28, "column": 4 },
        "end": { "line": 28, "column": 19 }
      },
      "7": {
        "start": { "line": 32, "column": 4 },
        "end": { "line": 32, "column": 23 }
      },
      "8": {
        "start": { "line": 36, "column": 4 },
        "end": { "line": 135, "column": 5 }
      },
      "9": {
        "start": { "line": 37, "column": 6 },
        "end": { "line": 134, "column": 8 }
      },
      "10": {
        "start": { "line": 137, "column": 4 },
        "end": { "line": 145, "column": 6 }
      },
      "11": {
        "start": { "line": 149, "column": 2 },
        "end": { "line": 158, "column": 9 }
      },
      "12": {
        "start": { "line": 151, "column": 6 },
        "end": { "line": 153, "column": 7 }
      },
      "13": {
        "start": { "line": 152, "column": 8 },
        "end": { "line": 152, "column": 23 }
      },
      "14": {
        "start": { "line": 156, "column": 4 },
        "end": { "line": 156, "column": 63 }
      },
      "15": {
        "start": { "line": 157, "column": 4 },
        "end": { "line": 157, "column": 79 }
      },
      "16": {
        "start": { "line": 157, "column": 17 },
        "end": { "line": 157, "column": 78 }
      },
      "17": {
        "start": { "line": 160, "column": 2 },
        "end": { "line": 162, "column": 26 }
      },
      "18": {
        "start": { "line": 161, "column": 4 },
        "end": { "line": 161, "column": 19 }
      },
      "19": {
        "start": { "line": 164, "column": 2 },
        "end": { "line": 280, "column": 4 }
      }
    },
    "fnMap": {
      "0": {
        "name": "Header",
        "decl": {
          "start": { "line": 15, "column": 9 },
          "end": { "line": 15, "column": 15 }
        },
        "loc": {
          "start": { "line": 15, "column": 23 },
          "end": { "line": 281, "column": 1 }
        },
        "line": 15
      },
      "1": {
        "name": "handleAvatarClick",
        "decl": {
          "start": { "line": 27, "column": 11 },
          "end": { "line": 27, "column": 28 }
        },
        "loc": {
          "start": { "line": 27, "column": 31 },
          "end": { "line": 29, "column": 3 }
        },
        "line": 27
      },
      "2": {
        "name": "handleNavigateToLogin",
        "decl": {
          "start": { "line": 31, "column": 11 },
          "end": { "line": 31, "column": 32 }
        },
        "loc": {
          "start": { "line": 31, "column": 35 },
          "end": { "line": 33, "column": 3 }
        },
        "line": 31
      },
      "3": {
        "name": "ActionComponent",
        "decl": {
          "start": { "line": 35, "column": 11 },
          "end": { "line": 35, "column": 26 }
        },
        "loc": {
          "start": { "line": 35, "column": 29 },
          "end": { "line": 146, "column": 3 }
        },
        "line": 35
      },
      "4": {
        "name": "(anonymous_4)",
        "decl": {
          "start": { "line": 149, "column": 18 },
          "end": { "line": 149, "column": 19 }
        },
        "loc": {
          "start": { "line": 149, "column": 24 },
          "end": { "line": 158, "column": 3 }
        },
        "line": 149
      },
      "5": {
        "name": "handleClickOutside",
        "decl": {
          "start": { "line": 150, "column": 13 },
          "end": { "line": 150, "column": 31 }
        },
        "loc": {
          "start": { "line": 150, "column": 35 },
          "end": { "line": 154, "column": 5 }
        },
        "line": 150
      },
      "6": {
        "name": "(anonymous_6)",
        "decl": {
          "start": { "line": 157, "column": 11 },
          "end": { "line": 157, "column": 12 }
        },
        "loc": {
          "start": { "line": 157, "column": 17 },
          "end": { "line": 157, "column": 78 }
        },
        "line": 157
      },
      "7": {
        "name": "(anonymous_7)",
        "decl": {
          "start": { "line": 160, "column": 18 },
          "end": { "line": 160, "column": 19 }
        },
        "loc": {
          "start": { "line": 160, "column": 24 },
          "end": { "line": 162, "column": 3 }
        },
        "line": 160
      }
    },
    "branchMap": {
      "0": {
        "loc": {
          "start": { "line": 36, "column": 4 },
          "end": { "line": 135, "column": 5 }
        },
        "type": "if",
        "locations": [
          {
            "start": { "line": 36, "column": 4 },
            "end": { "line": 135, "column": 5 }
          },
          { "start": {}, "end": {} }
        ],
        "line": 36
      },
      "1": {
        "loc": {
          "start": { "line": 52, "column": 11 },
          "end": { "line": 132, "column": 11 }
        },
        "type": "binary-expr",
        "locations": [
          {
            "start": { "line": 52, "column": 11 },
            "end": { "line": 52, "column": 15 }
          },
          {
            "start": { "line": 53, "column": 12 },
            "end": { "line": 131, "column": 18 }
          }
        ],
        "line": 52
      },
      "2": {
        "loc": {
          "start": { "line": 151, "column": 6 },
          "end": { "line": 153, "column": 7 }
        },
        "type": "if",
        "locations": [
          {
            "start": { "line": 151, "column": 6 },
            "end": { "line": 153, "column": 7 }
          },
          { "start": {}, "end": {} }
        ],
        "line": 151
      },
      "3": {
        "loc": {
          "start": { "line": 151, "column": 10 },
          "end": { "line": 151, "column": 64 }
        },
        "type": "binary-expr",
        "locations": [
          {
            "start": { "line": 151, "column": 10 },
            "end": { "line": 151, "column": 25 }
          },
          {
            "start": { "line": 151, "column": 29 },
            "end": { "line": 151, "column": 64 }
          }
        ],
        "line": 151
      }
    },
    "s": {
      "0": 1,
      "1": 13,
      "2": 13,
      "3": 13,
      "4": 13,
      "5": 13,
      "6": 3,
      "7": 1,
      "8": 10,
      "9": 8,
      "10": 2,
      "11": 13,
      "12": 6,
      "13": 1,
      "14": 6,
      "15": 6,
      "16": 6,
      "17": 13,
      "18": 6,
      "19": 13
    },
    "f": { "0": 13, "1": 3, "2": 1, "3": 10, "4": 6, "5": 6, "6": 6, "7": 6 },
    "b": { "0": [8, 2], "1": [8, 3], "2": [1, 5], "3": [6, 5] },
    "_coverageSchema": "1a1c01bbd47fc00a2c39e90264f33305004495a9",
    "hash": "03ed4d23898e6c1d6a35c8124673e71bce64f79e"
  },
  "/home/egi/projects/dicoding/react-expert/src/components/ThreadItem.jsx": {
    "path": "/home/egi/projects/dicoding/react-expert/src/components/ThreadItem.jsx",
    "statementMap": {
      "0": {
        "start": { "line": 7, "column": 30 },
        "end": { "line": 30, "column": 2 }
      },
      "1": {
        "start": { "line": 33, "column": 21 },
        "end": { "line": 33, "column": 78 }
      },
      "2": {
        "start": { "line": 35, "column": 2 },
        "end": { "line": 165, "column": 4 }
      }
    },
    "fnMap": {
      "0": {
        "name": "ThreadItem",
        "decl": {
          "start": { "line": 32, "column": 9 },
          "end": { "line": 32, "column": 19 }
        },
        "loc": {
          "start": { "line": 32, "column": 27 },
          "end": { "line": 166, "column": 1 }
        },
        "line": 32
      }
    },
    "branchMap": {},
    "s": { "0": 2, "1": 3, "2": 3 },
    "f": { "0": 3 },
    "b": {},
    "_coverageSchema": "1a1c01bbd47fc00a2c39e90264f33305004495a9",
    "hash": "3e5a183e58151c71641c304ed098bfb0c0d6e388"
  },
  "/home/egi/projects/dicoding/react-expert/src/components/ThreadList.jsx": {
    "path": "/home/egi/projects/dicoding/react-expert/src/components/ThreadList.jsx",
    "statementMap": {
      "0": {
        "start": { "line": 6, "column": 30 },
        "end": { "line": 31, "column": 2 }
      },
      "1": {
        "start": { "line": 34, "column": 22 },
        "end": { "line": 34, "column": 79 }
      },
      "2": {
        "start": { "line": 36, "column": 2 },
        "end": { "line": 42, "column": 4 }
      },
      "3": {
        "start": { "line": 39, "column": 8 },
        "end": { "line": 39, "column": 54 }
      }
    },
    "fnMap": {
      "0": {
        "name": "ThreadList",
        "decl": {
          "start": { "line": 33, "column": 9 },
          "end": { "line": 33, "column": 19 }
        },
        "loc": {
          "start": { "line": 33, "column": 27 },
          "end": { "line": 43, "column": 1 }
        },
        "line": 33
      },
      "1": {
        "name": "(anonymous_1)",
        "decl": {
          "start": { "line": 38, "column": 19 },
          "end": { "line": 38, "column": 20 }
        },
        "loc": {
          "start": { "line": 39, "column": 8 },
          "end": { "line": 39, "column": 54 }
        },
        "line": 39
      }
    },
    "branchMap": {},
    "s": { "0": 1, "1": 1, "2": 1, "3": 2 },
    "f": { "0": 1, "1": 2 },
    "b": {},
    "_coverageSchema": "1a1c01bbd47fc00a2c39e90264f33305004495a9",
    "hash": "ac2c5e9f629d06ad7353280f2216a9079097d5a2"
  },
  "/home/egi/projects/dicoding/react-expert/src/states/authUser/action.js": {
    "path": "/home/egi/projects/dicoding/react-expert/src/states/authUser/action.js",
    "statementMap": {
      "0": {
        "start": { "line": 3, "column": 19 },
        "end": { "line": 6, "column": 1 }
      },
      "1": {
        "start": { "line": 9, "column": 2 },
        "end": { "line": 14, "column": 4 }
      },
      "2": {
        "start": { "line": 18, "column": 2 },
        "end": { "line": 23, "column": 4 }
      },
      "3": {
        "start": { "line": 27, "column": 2 },
        "end": { "line": 37, "column": 4 }
      },
      "4": {
        "start": { "line": 28, "column": 4 },
        "end": { "line": 36, "column": 5 }
      },
      "5": {
        "start": { "line": 29, "column": 20 },
        "end": { "line": 29, "column": 56 }
      },
      "6": {
        "start": { "line": 30, "column": 6 },
        "end": { "line": 30, "column": 32 }
      },
      "7": {
        "start": { "line": 31, "column": 23 },
        "end": { "line": 31, "column": 48 }
      },
      "8": {
        "start": { "line": 33, "column": 6 },
        "end": { "line": 33, "column": 51 }
      },
      "9": {
        "start": { "line": 35, "column": 6 },
        "end": { "line": 35, "column": 27 }
      },
      "10": {
        "start": { "line": 41, "column": 2 },
        "end": { "line": 44, "column": 4 }
      },
      "11": {
        "start": { "line": 42, "column": 4 },
        "end": { "line": 42, "column": 43 }
      },
      "12": {
        "start": { "line": 43, "column": 4 },
        "end": { "line": 43, "column": 27 }
      }
    },
    "fnMap": {
      "0": {
        "name": "setAuthUserActionCreator",
        "decl": {
          "start": { "line": 8, "column": 9 },
          "end": { "line": 8, "column": 33 }
        },
        "loc": {
          "start": { "line": 8, "column": 44 },
          "end": { "line": 15, "column": 1 }
        },
        "line": 8
      },
      "1": {
        "name": "unsetAuthUserActionCreator",
        "decl": {
          "start": { "line": 17, "column": 9 },
          "end": { "line": 17, "column": 35 }
        },
        "loc": {
          "start": { "line": 17, "column": 38 },
          "end": { "line": 24, "column": 1 }
        },
        "line": 17
      },
      "2": {
        "name": "asyncSetAuthUser",
        "decl": {
          "start": { "line": 26, "column": 9 },
          "end": { "line": 26, "column": 25 }
        },
        "loc": {
          "start": { "line": 26, "column": 47 },
          "end": { "line": 38, "column": 1 }
        },
        "line": 26
      },
      "3": {
        "name": "(anonymous_3)",
        "decl": {
          "start": { "line": 27, "column": 9 },
          "end": { "line": 27, "column": 10 }
        },
        "loc": {
          "start": { "line": 27, "column": 29 },
          "end": { "line": 37, "column": 3 }
        },
        "line": 27
      },
      "4": {
        "name": "asyncUnsetAuthUser",
        "decl": {
          "start": { "line": 40, "column": 9 },
          "end": { "line": 40, "column": 27 }
        },
        "loc": {
          "start": { "line": 40, "column": 30 },
          "end": { "line": 45, "column": 1 }
        },
        "line": 40
      },
      "5": {
        "name": "(anonymous_5)",
        "decl": {
          "start": { "line": 41, "column": 9 },
          "end": { "line": 41, "column": 10 }
        },
        "loc": {
          "start": { "line": 41, "column": 23 },
          "end": { "line": 44, "column": 3 }
        },
        "line": 41
      }
    },
    "branchMap": {},
    "s": {
      "0": 2,
      "1": 3,
      "2": 3,
      "3": 2,
      "4": 2,
      "5": 2,
      "6": 1,
      "7": 1,
      "8": 1,
      "9": 1,
      "10": 1,
      "11": 1,
      "12": 1
    },
    "f": { "0": 3, "1": 3, "2": 2, "3": 2, "4": 1, "5": 1 },
    "b": {},
    "_coverageSchema": "1a1c01bbd47fc00a2c39e90264f33305004495a9",
    "hash": "3473d69f38b933612b1603938b6952bae96a6aba"
  },
  "/home/egi/projects/dicoding/react-expert/src/states/authUser/reducer.js": {
    "path": "/home/egi/projects/dicoding/react-expert/src/states/authUser/reducer.js",
    "statementMap": {
      "0": {
        "start": { "line": 4, "column": 2 },
        "end": { "line": 11, "column": 3 }
      },
      "1": {
        "start": { "line": 6, "column": 6 },
        "end": { "line": 6, "column": 37 }
      },
      "2": {
        "start": { "line": 8, "column": 6 },
        "end": { "line": 8, "column": 18 }
      },
      "3": {
        "start": { "line": 10, "column": 6 },
        "end": { "line": 10, "column": 19 }
      }
    },
    "fnMap": {
      "0": {
        "name": "authUserReducer",
        "decl": {
          "start": { "line": 3, "column": 9 },
          "end": { "line": 3, "column": 24 }
        },
        "loc": {
          "start": { "line": 3, "column": 52 },
          "end": { "line": 12, "column": 1 }
        },
        "line": 3
      }
    },
    "branchMap": {
      "0": {
        "loc": {
          "start": { "line": 3, "column": 25 },
          "end": { "line": 3, "column": 37 }
        },
        "type": "default-arg",
        "locations": [
          {
            "start": { "line": 3, "column": 33 },
            "end": { "line": 3, "column": 37 }
          }
        ],
        "line": 3
      },
      "1": {
        "loc": {
          "start": { "line": 3, "column": 39 },
          "end": { "line": 3, "column": 50 }
        },
        "type": "default-arg",
        "locations": [
          {
            "start": { "line": 3, "column": 48 },
            "end": { "line": 3, "column": 50 }
          }
        ],
        "line": 3
      },
      "2": {
        "loc": {
          "start": { "line": 4, "column": 2 },
          "end": { "line": 11, "column": 3 }
        },
        "type": "switch",
        "locations": [
          {
            "start": { "line": 5, "column": 4 },
            "end": { "line": 6, "column": 37 }
          },
          {
            "start": { "line": 7, "column": 4 },
            "end": { "line": 8, "column": 18 }
          },
          {
            "start": { "line": 9, "column": 4 },
            "end": { "line": 10, "column": 19 }
          }
        ],
        "line": 4
      }
    },
    "s": { "0": 4, "1": 1, "2": 1, "3": 2 },
    "f": { "0": 4 },
    "b": { "0": [1], "1": [1], "2": [1, 1, 2] },
    "_coverageSchema": "1a1c01bbd47fc00a2c39e90264f33305004495a9",
    "hash": "c6b524394c64eef69bc6892bec89be5f3a8e8685"
  },
  "/home/egi/projects/dicoding/react-expert/src/states/leaderboard/action.js": {
    "path": "/home/egi/projects/dicoding/react-expert/src/states/leaderboard/action.js",
    "statementMap": {
      "0": {
        "start": { "line": 3, "column": 19 },
        "end": { "line": 5, "column": 1 }
      },
      "1": {
        "start": { "line": 8, "column": 2 },
        "end": { "line": 13, "column": 4 }
      },
      "2": {
        "start": { "line": 17, "column": 2 },
        "end": { "line": 25, "column": 4 }
      },
      "3": {
        "start": { "line": 18, "column": 4 },
        "end": { "line": 24, "column": 5 }
      },
      "4": {
        "start": { "line": 19, "column": 26 },
        "end": { "line": 19, "column": 52 }
      },
      "5": {
        "start": { "line": 21, "column": 6 },
        "end": { "line": 21, "column": 61 }
      },
      "6": {
        "start": { "line": 23, "column": 6 },
        "end": { "line": 23, "column": 27 }
      }
    },
    "fnMap": {
      "0": {
        "name": "receiveLeaderboardActionCreator",
        "decl": {
          "start": { "line": 7, "column": 9 },
          "end": { "line": 7, "column": 40 }
        },
        "loc": {
          "start": { "line": 7, "column": 54 },
          "end": { "line": 14, "column": 1 }
        },
        "line": 7
      },
      "1": {
        "name": "asyncPopulateLeaderboard",
        "decl": {
          "start": { "line": 16, "column": 9 },
          "end": { "line": 16, "column": 33 }
        },
        "loc": {
          "start": { "line": 16, "column": 36 },
          "end": { "line": 26, "column": 1 }
        },
        "line": 16
      },
      "2": {
        "name": "(anonymous_2)",
        "decl": {
          "start": { "line": 17, "column": 9 },
          "end": { "line": 17, "column": 10 }
        },
        "loc": {
          "start": { "line": 17, "column": 29 },
          "end": { "line": 25, "column": 3 }
        },
        "line": 17
      }
    },
    "branchMap": {},
    "s": { "0": 2, "1": 3, "2": 2, "3": 2, "4": 2, "5": 1, "6": 1 },
    "f": { "0": 3, "1": 2, "2": 2 },
    "b": {},
    "_coverageSchema": "1a1c01bbd47fc00a2c39e90264f33305004495a9",
    "hash": "5db8fce8d0697d072c9f70a033b159638d35776c"
  },
  "/home/egi/projects/dicoding/react-expert/src/states/leaderboard/reducer.js": {
    "path": "/home/egi/projects/dicoding/react-expert/src/states/leaderboard/reducer.js",
    "statementMap": {
      "0": {
        "start": { "line": 4, "column": 2 },
        "end": { "line": 9, "column": 3 }
      },
      "1": {
        "start": { "line": 6, "column": 6 },
        "end": { "line": 6, "column": 40 }
      },
      "2": {
        "start": { "line": 8, "column": 6 },
        "end": { "line": 8, "column": 25 }
      }
    },
    "fnMap": {
      "0": {
        "name": "leaderboardReducer",
        "decl": {
          "start": { "line": 3, "column": 9 },
          "end": { "line": 3, "column": 27 }
        },
        "loc": {
          "start": { "line": 3, "column": 59 },
          "end": { "line": 10, "column": 1 }
        },
        "line": 3
      }
    },
    "branchMap": {
      "0": {
        "loc": {
          "start": { "line": 3, "column": 28 },
          "end": { "line": 3, "column": 44 }
        },
        "type": "default-arg",
        "locations": [
          {
            "start": { "line": 3, "column": 42 },
            "end": { "line": 3, "column": 44 }
          }
        ],
        "line": 3
      },
      "1": {
        "loc": {
          "start": { "line": 3, "column": 46 },
          "end": { "line": 3, "column": 57 }
        },
        "type": "default-arg",
        "locations": [
          {
            "start": { "line": 3, "column": 55 },
            "end": { "line": 3, "column": 57 }
          }
        ],
        "line": 3
      },
      "2": {
        "loc": {
          "start": { "line": 4, "column": 2 },
          "end": { "line": 9, "column": 3 }
        },
        "type": "switch",
        "locations": [
          {
            "start": { "line": 5, "column": 4 },
            "end": { "line": 6, "column": 40 }
          },
          {
            "start": { "line": 7, "column": 4 },
            "end": { "line": 8, "column": 25 }
          }
        ],
        "line": 4
      }
    },
    "s": { "0": 3, "1": 1, "2": 2 },
    "f": { "0": 3 },
    "b": { "0": [1], "1": [1], "2": [1, 2] },
    "_coverageSchema": "1a1c01bbd47fc00a2c39e90264f33305004495a9",
    "hash": "d9f1a19ceb262f649493522005b3dd8899b55a82"
  },
  "/home/egi/projects/dicoding/react-expert/src/states/threadDetail/action.js": {
    "path": "/home/egi/projects/dicoding/react-expert/src/states/threadDetail/action.js",
    "statementMap": {
      "0": {
        "start": { "line": 3, "column": 19 },
        "end": { "line": 12, "column": 1 }
      },
      "1": {
        "start": { "line": 15, "column": 2 },
        "end": { "line": 20, "column": 4 }
      },
      "2": {
        "start": { "line": 24, "column": 2 },
        "end": { "line": 29, "column": 4 }
      },
      "3": {
        "start": { "line": 33, "column": 2 },
        "end": { "line": 38, "column": 4 }
      },
      "4": {
        "start": { "line": 42, "column": 2 },
        "end": { "line": 47, "column": 4 }
      },
      "5": {
        "start": { "line": 51, "column": 2 },
        "end": { "line": 56, "column": 4 }
      },
      "6": {
        "start": { "line": 60, "column": 2 },
        "end": { "line": 66, "column": 4 }
      },
      "7": {
        "start": { "line": 70, "column": 2 },
        "end": { "line": 76, "column": 4 }
      },
      "8": {
        "start": { "line": 80, "column": 2 },
        "end": { "line": 86, "column": 4 }
      },
      "9": {
        "start": { "line": 90, "column": 2 },
        "end": { "line": 97, "column": 4 }
      },
      "10": {
        "start": { "line": 91, "column": 4 },
        "end": { "line": 96, "column": 5 }
      },
      "11": {
        "start": { "line": 92, "column": 27 },
        "end": { "line": 92, "column": 62 }
      },
      "12": {
        "start": { "line": 93, "column": 6 },
        "end": { "line": 93, "column": 63 }
      },
      "13": {
        "start": { "line": 95, "column": 6 },
        "end": { "line": 95, "column": 27 }
      },
      "14": {
        "start": { "line": 101, "column": 2 },
        "end": { "line": 108, "column": 4 }
      },
      "15": {
        "start": { "line": 102, "column": 4 },
        "end": { "line": 107, "column": 5 }
      },
      "16": {
        "start": { "line": 103, "column": 25 },
        "end": { "line": 103, "column": 67 }
      },
      "17": {
        "start": { "line": 104, "column": 6 },
        "end": { "line": 104, "column": 52 }
      },
      "18": {
        "start": { "line": 106, "column": 6 },
        "end": { "line": 106, "column": 27 }
      },
      "19": {
        "start": { "line": 112, "column": 2 },
        "end": { "line": 122, "column": 4 }
      },
      "20": {
        "start": { "line": 113, "column": 25 },
        "end": { "line": 113, "column": 35 }
      },
      "21": {
        "start": { "line": 114, "column": 4 },
        "end": { "line": 114, "column": 59 }
      },
      "22": {
        "start": { "line": 116, "column": 4 },
        "end": { "line": 121, "column": 5 }
      },
      "23": {
        "start": { "line": 117, "column": 6 },
        "end": { "line": 117, "column": 39 }
      },
      "24": {
        "start": { "line": 119, "column": 6 },
        "end": { "line": 119, "column": 27 }
      },
      "25": {
        "start": { "line": 120, "column": 6 },
        "end": { "line": 120, "column": 69 }
      },
      "26": {
        "start": { "line": 126, "column": 2 },
        "end": { "line": 136, "column": 4 }
      },
      "27": {
        "start": { "line": 127, "column": 25 },
        "end": { "line": 127, "column": 35 }
      },
      "28": {
        "start": { "line": 128, "column": 4 },
        "end": { "line": 128, "column": 61 }
      },
      "29": {
        "start": { "line": 130, "column": 4 },
        "end": { "line": 135, "column": 5 }
      },
      "30": {
        "start": { "line": 131, "column": 6 },
        "end": { "line": 131, "column": 41 }
      },
      "31": {
        "start": { "line": 133, "column": 6 },
        "end": { "line": 133, "column": 27 }
      },
      "32": {
        "start": { "line": 134, "column": 6 },
        "end": { "line": 134, "column": 69 }
      },
      "33": {
        "start": { "line": 140, "column": 2 },
        "end": { "line": 149, "column": 4 }
      },
      "34": {
        "start": { "line": 141, "column": 25 },
        "end": { "line": 141, "column": 35 }
      },
      "35": {
        "start": { "line": 142, "column": 4 },
        "end": { "line": 142, "column": 67 }
      },
      "36": {
        "start": { "line": 144, "column": 4 },
        "end": { "line": 148, "column": 5 }
      },
      "37": {
        "start": { "line": 145, "column": 6 },
        "end": { "line": 145, "column": 47 }
      },
      "38": {
        "start": { "line": 147, "column": 6 },
        "end": { "line": 147, "column": 27 }
      },
      "39": {
        "start": { "line": 153, "column": 2 },
        "end": { "line": 165, "column": 4 }
      },
      "40": {
        "start": { "line": 154, "column": 25 },
        "end": { "line": 154, "column": 35 }
      },
      "41": {
        "start": { "line": 155, "column": 4 },
        "end": { "line": 155, "column": 71 }
      },
      "42": {
        "start": { "line": 157, "column": 4 },
        "end": { "line": 164, "column": 5 }
      },
      "43": {
        "start": { "line": 158, "column": 6 },
        "end": { "line": 158, "column": 51 }
      },
      "44": {
        "start": { "line": 160, "column": 6 },
        "end": { "line": 160, "column": 27 }
      },
      "45": {
        "start": { "line": 161, "column": 6 },
        "end": { "line": 163, "column": 8 }
      },
      "46": {
        "start": { "line": 169, "column": 2 },
        "end": { "line": 181, "column": 4 }
      },
      "47": {
        "start": { "line": 170, "column": 25 },
        "end": { "line": 170, "column": 35 }
      },
      "48": {
        "start": { "line": 171, "column": 4 },
        "end": { "line": 171, "column": 73 }
      },
      "49": {
        "start": { "line": 173, "column": 4 },
        "end": { "line": 180, "column": 5 }
      },
      "50": {
        "start": { "line": 174, "column": 6 },
        "end": { "line": 174, "column": 53 }
      },
      "51": {
        "start": { "line": 176, "column": 6 },
        "end": { "line": 176, "column": 27 }
      },
      "52": {
        "start": { "line": 177, "column": 6 },
        "end": { "line": 179, "column": 8 }
      },
      "53": {
        "start": { "line": 185, "column": 2 },
        "end": { "line": 194, "column": 4 }
      },
      "54": {
        "start": { "line": 186, "column": 25 },
        "end": { "line": 186, "column": 35 }
      },
      "55": {
        "start": { "line": 187, "column": 4 },
        "end": { "line": 187, "column": 79 }
      },
      "56": {
        "start": { "line": 189, "column": 4 },
        "end": { "line": 193, "column": 5 }
      },
      "57": {
        "start": { "line": 190, "column": 6 },
        "end": { "line": 190, "column": 59 }
      },
      "58": {
        "start": { "line": 192, "column": 6 },
        "end": { "line": 192, "column": 27 }
      }
    },
    "fnMap": {
      "0": {
        "name": "receiveThreadDetailActionCreator",
        "decl": {
          "start": { "line": 14, "column": 9 },
          "end": { "line": 14, "column": 41 }
        },
        "loc": {
          "start": { "line": 14, "column": 56 },
          "end": { "line": 21, "column": 1 }
        },
        "line": 14
      },
      "1": {
        "name": "addCommentActionCreator",
        "decl": {
          "start": { "line": 23, "column": 9 },
          "end": { "line": 23, "column": 32 }
        },
        "loc": {
          "start": { "line": 23, "column": 42 },
          "end": { "line": 30, "column": 1 }
        },
        "line": 23
      },
      "2": {
        "name": "toggleUpVoteThreadActionCreator",
        "decl": {
          "start": { "line": 32, "column": 9 },
          "end": { "line": 32, "column": 40 }
        },
        "loc": {
          "start": { "line": 32, "column": 49 },
          "end": { "line": 39, "column": 1 }
        },
        "line": 32
      },
      "3": {
        "name": "toggleDownVoteThreadActionCreator",
        "decl": {
          "start": { "line": 41, "column": 9 },
          "end": { "line": 41, "column": 42 }
        },
        "loc": {
          "start": { "line": 41, "column": 51 },
          "end": { "line": 48, "column": 1 }
        },
        "line": 41
      },
      "4": {
        "name": "toggleNeutralizeVoteThreadActionCreator",
        "decl": {
          "start": { "line": 50, "column": 9 },
          "end": { "line": 50, "column": 48 }
        },
        "loc": {
          "start": { "line": 50, "column": 57 },
          "end": { "line": 57, "column": 1 }
        },
        "line": 50
      },
      "5": {
        "name": "toggleUpVoteCommentActionCreator",
        "decl": {
          "start": { "line": 59, "column": 9 },
          "end": { "line": 59, "column": 41 }
        },
        "loc": {
          "start": { "line": 59, "column": 61 },
          "end": { "line": 67, "column": 1 }
        },
        "line": 59
      },
      "6": {
        "name": "toggleDownVoteCommentActionCreator",
        "decl": {
          "start": { "line": 69, "column": 9 },
          "end": { "line": 69, "column": 43 }
        },
        "loc": {
          "start": { "line": 69, "column": 63 },
          "end": { "line": 77, "column": 1 }
        },
        "line": 69
      },
      "7": {
        "name": "toggleNeutralizeVoteCommentActionCreator",
        "decl": {
          "start": { "line": 79, "column": 9 },
          "end": { "line": 79, "column": 49 }
        },
        "loc": {
          "start": { "line": 79, "column": 69 },
          "end": { "line": 87, "column": 1 }
        },
        "line": 79
      },
      "8": {
        "name": "asyncReceiveThreadDetail",
        "decl": {
          "start": { "line": 89, "column": 9 },
          "end": { "line": 89, "column": 33 }
        },
        "loc": {
          "start": { "line": 89, "column": 44 },
          "end": { "line": 98, "column": 1 }
        },
        "line": 89
      },
      "9": {
        "name": "(anonymous_9)",
        "decl": {
          "start": { "line": 90, "column": 9 },
          "end": { "line": 90, "column": 10 }
        },
        "loc": {
          "start": { "line": 90, "column": 29 },
          "end": { "line": 97, "column": 3 }
        },
        "line": 90
      },
      "10": {
        "name": "asyncAddComment",
        "decl": {
          "start": { "line": 100, "column": 9 },
          "end": { "line": 100, "column": 24 }
        },
        "loc": {
          "start": { "line": 100, "column": 44 },
          "end": { "line": 109, "column": 1 }
        },
        "line": 100
      },
      "11": {
        "name": "(anonymous_11)",
        "decl": {
          "start": { "line": 101, "column": 9 },
          "end": { "line": 101, "column": 10 }
        },
        "loc": {
          "start": { "line": 101, "column": 29 },
          "end": { "line": 108, "column": 3 }
        },
        "line": 101
      },
      "12": {
        "name": "asyncToggleUpVoteThread",
        "decl": {
          "start": { "line": 111, "column": 9 },
          "end": { "line": 111, "column": 32 }
        },
        "loc": {
          "start": { "line": 111, "column": 43 },
          "end": { "line": 123, "column": 1 }
        },
        "line": 111
      },
      "13": {
        "name": "(anonymous_13)",
        "decl": {
          "start": { "line": 112, "column": 9 },
          "end": { "line": 112, "column": 10 }
        },
        "loc": {
          "start": { "line": 112, "column": 39 },
          "end": { "line": 122, "column": 3 }
        },
        "line": 112
      },
      "14": {
        "name": "asyncToggleDownVoteThread",
        "decl": {
          "start": { "line": 125, "column": 9 },
          "end": { "line": 125, "column": 34 }
        },
        "loc": {
          "start": { "line": 125, "column": 45 },
          "end": { "line": 137, "column": 1 }
        },
        "line": 125
      },
      "15": {
        "name": "(anonymous_15)",
        "decl": {
          "start": { "line": 126, "column": 9 },
          "end": { "line": 126, "column": 10 }
        },
        "loc": {
          "start": { "line": 126, "column": 39 },
          "end": { "line": 136, "column": 3 }
        },
        "line": 126
      },
      "16": {
        "name": "asyncToggleNeutralizeVoteThread",
        "decl": {
          "start": { "line": 139, "column": 9 },
          "end": { "line": 139, "column": 40 }
        },
        "loc": {
          "start": { "line": 139, "column": 51 },
          "end": { "line": 150, "column": 1 }
        },
        "line": 139
      },
      "17": {
        "name": "(anonymous_17)",
        "decl": {
          "start": { "line": 140, "column": 9 },
          "end": { "line": 140, "column": 10 }
        },
        "loc": {
          "start": { "line": 140, "column": 39 },
          "end": { "line": 149, "column": 3 }
        },
        "line": 140
      },
      "18": {
        "name": "asyncToggleUpVoteComment",
        "decl": {
          "start": { "line": 152, "column": 9 },
          "end": { "line": 152, "column": 33 }
        },
        "loc": {
          "start": { "line": 152, "column": 55 },
          "end": { "line": 166, "column": 1 }
        },
        "line": 152
      },
      "19": {
        "name": "(anonymous_19)",
        "decl": {
          "start": { "line": 153, "column": 9 },
          "end": { "line": 153, "column": 10 }
        },
        "loc": {
          "start": { "line": 153, "column": 39 },
          "end": { "line": 165, "column": 3 }
        },
        "line": 153
      },
      "20": {
        "name": "asyncToggleDownVoteComment",
        "decl": {
          "start": { "line": 168, "column": 9 },
          "end": { "line": 168, "column": 35 }
        },
        "loc": {
          "start": { "line": 168, "column": 57 },
          "end": { "line": 182, "column": 1 }
        },
        "line": 168
      },
      "21": {
        "name": "(anonymous_21)",
        "decl": {
          "start": { "line": 169, "column": 9 },
          "end": { "line": 169, "column": 10 }
        },
        "loc": {
          "start": { "line": 169, "column": 39 },
          "end": { "line": 181, "column": 3 }
        },
        "line": 169
      },
      "22": {
        "name": "asyncToggleNeutralizeVoteComment",
        "decl": {
          "start": { "line": 184, "column": 9 },
          "end": { "line": 184, "column": 41 }
        },
        "loc": {
          "start": { "line": 184, "column": 63 },
          "end": { "line": 195, "column": 1 }
        },
        "line": 184
      },
      "23": {
        "name": "(anonymous_23)",
        "decl": {
          "start": { "line": 185, "column": 9 },
          "end": { "line": 185, "column": 10 }
        },
        "loc": {
          "start": { "line": 185, "column": 39 },
          "end": { "line": 194, "column": 3 }
        },
        "line": 185
      }
    },
    "branchMap": {},
    "s": {
      "0": 2,
      "1": 3,
      "2": 3,
      "3": 5,
      "4": 5,
      "5": 9,
      "6": 5,
      "7": 5,
      "8": 10,
      "9": 2,
      "10": 2,
      "11": 2,
      "12": 1,
      "13": 1,
      "14": 2,
      "15": 2,
      "16": 2,
      "17": 1,
      "18": 1,
      "19": 2,
      "20": 2,
      "21": 2,
      "22": 2,
      "23": 2,
      "24": 1,
      "25": 1,
      "26": 2,
      "27": 2,
      "28": 2,
      "29": 2,
      "30": 2,
      "31": 1,
      "32": 1,
      "33": 2,
      "34": 2,
      "35": 2,
      "36": 2,
      "37": 2,
      "38": 1,
      "39": 2,
      "40": 2,
      "41": 2,
      "42": 2,
      "43": 2,
      "44": 1,
      "45": 1,
      "46": 2,
      "47": 2,
      "48": 2,
      "49": 2,
      "50": 2,
      "51": 1,
      "52": 1,
      "53": 2,
      "54": 2,
      "55": 2,
      "56": 2,
      "57": 2,
      "58": 1
    },
    "f": {
      "0": 3,
      "1": 3,
      "2": 5,
      "3": 5,
      "4": 9,
      "5": 5,
      "6": 5,
      "7": 10,
      "8": 2,
      "9": 2,
      "10": 2,
      "11": 2,
      "12": 2,
      "13": 2,
      "14": 2,
      "15": 2,
      "16": 2,
      "17": 2,
      "18": 2,
      "19": 2,
      "20": 2,
      "21": 2,
      "22": 2,
      "23": 2
    },
    "b": {},
    "_coverageSchema": "1a1c01bbd47fc00a2c39e90264f33305004495a9",
    "hash": "418cfc977461423a149079c026a1cee2bb59025b"
  },
  "/home/egi/projects/dicoding/react-expert/src/states/threadDetail/reducer.js": {
    "path": "/home/egi/projects/dicoding/react-expert/src/states/threadDetail/reducer.js",
    "statementMap": {
      "0": {
        "start": { "line": 4, "column": 2 },
        "end": { "line": 114, "column": 3 }
      },
      "1": {
        "start": { "line": 6, "column": 6 },
        "end": { "line": 6, "column": 41 }
      },
      "2": {
        "start": { "line": 8, "column": 6 },
        "end": { "line": 11, "column": 8 }
      },
      "3": {
        "start": { "line": 13, "column": 6 },
        "end": { "line": 19, "column": 8 }
      },
      "4": {
        "start": { "line": 17, "column": 18 },
        "end": { "line": 17, "column": 46 }
      },
      "5": {
        "start": { "line": 21, "column": 6 },
        "end": { "line": 27, "column": 8 }
      },
      "6": {
        "start": { "line": 25, "column": 18 },
        "end": { "line": 25, "column": 46 }
      },
      "7": {
        "start": { "line": 29, "column": 6 },
        "end": { "line": 39, "column": 8 }
      },
      "8": {
        "start": { "line": 33, "column": 22 },
        "end": { "line": 33, "column": 50 }
      },
      "9": {
        "start": { "line": 37, "column": 50 },
        "end": { "line": 37, "column": 78 }
      },
      "10": {
        "start": { "line": 41, "column": 6 },
        "end": { "line": 60, "column": 8 }
      },
      "11": {
        "start": { "line": 44, "column": 10 },
        "end": { "line": 56, "column": 11 }
      },
      "12": {
        "start": { "line": 45, "column": 33 },
        "end": { "line": 45, "column": 78 }
      },
      "13": {
        "start": { "line": 47, "column": 35 },
        "end": { "line": 49, "column": 13 }
      },
      "14": {
        "start": { "line": 48, "column": 22 },
        "end": { "line": 48, "column": 50 }
      },
      "15": {
        "start": { "line": 51, "column": 12 },
        "end": { "line": 55, "column": 14 }
      },
      "16": {
        "start": { "line": 58, "column": 10 },
        "end": { "line": 58, "column": 25 }
      },
      "17": {
        "start": { "line": 62, "column": 6 },
        "end": { "line": 84, "column": 8 }
      },
      "18": {
        "start": { "line": 65, "column": 10 },
        "end": { "line": 80, "column": 11 }
      },
      "19": {
        "start": { "line": 66, "column": 33 },
        "end": { "line": 68, "column": 13 }
      },
      "20": {
        "start": { "line": 67, "column": 22 },
        "end": { "line": 67, "column": 50 }
      },
      "21": {
        "start": { "line": 70, "column": 35 },
        "end": { "line": 73, "column": 13 }
      },
      "22": {
        "start": { "line": 75, "column": 12 },
        "end": { "line": 79, "column": 14 }
      },
      "23": {
        "start": { "line": 82, "column": 10 },
        "end": { "line": 82, "column": 25 }
      },
      "24": {
        "start": { "line": 86, "column": 6 },
        "end": { "line": 111, "column": 8 }
      },
      "25": {
        "start": { "line": 89, "column": 10 },
        "end": { "line": 107, "column": 11 }
      },
      "26": {
        "start": { "line": 90, "column": 33 },
        "end": { "line": 94, "column": 33 }
      },
      "27": {
        "start": { "line": 93, "column": 49 },
        "end": { "line": 93, "column": 77 }
      },
      "28": {
        "start": { "line": 96, "column": 35 },
        "end": { "line": 100, "column": 35 }
      },
      "29": {
        "start": { "line": 99, "column": 51 },
        "end": { "line": 99, "column": 79 }
      },
      "30": {
        "start": { "line": 102, "column": 12 },
        "end": { "line": 106, "column": 14 }
      },
      "31": {
        "start": { "line": 109, "column": 10 },
        "end": { "line": 109, "column": 25 }
      },
      "32": {
        "start": { "line": 113, "column": 6 },
        "end": { "line": 113, "column": 26 }
      }
    },
    "fnMap": {
      "0": {
        "name": "threadDetailReducer",
        "decl": {
          "start": { "line": 3, "column": 9 },
          "end": { "line": 3, "column": 28 }
        },
        "loc": {
          "start": { "line": 3, "column": 63 },
          "end": { "line": 115, "column": 1 }
        },
        "line": 3
      },
      "1": {
        "name": "(anonymous_1)",
        "decl": {
          "start": { "line": 17, "column": 10 },
          "end": { "line": 17, "column": 11 }
        },
        "loc": {
          "start": { "line": 17, "column": 18 },
          "end": { "line": 17, "column": 46 }
        },
        "line": 17
      },
      "2": {
        "name": "(anonymous_2)",
        "decl": {
          "start": { "line": 25, "column": 10 },
          "end": { "line": 25, "column": 11 }
        },
        "loc": {
          "start": { "line": 25, "column": 18 },
          "end": { "line": 25, "column": 46 }
        },
        "line": 25
      },
      "3": {
        "name": "(anonymous_3)",
        "decl": {
          "start": { "line": 33, "column": 14 },
          "end": { "line": 33, "column": 15 }
        },
        "loc": {
          "start": { "line": 33, "column": 22 },
          "end": { "line": 33, "column": 50 }
        },
        "line": 33
      },
      "4": {
        "name": "(anonymous_4)",
        "decl": {
          "start": { "line": 37, "column": 42 },
          "end": { "line": 37, "column": 43 }
        },
        "loc": {
          "start": { "line": 37, "column": 50 },
          "end": { "line": 37, "column": 78 }
        },
        "line": 37
      },
      "5": {
        "name": "(anonymous_5)",
        "decl": {
          "start": { "line": 43, "column": 44 },
          "end": { "line": 43, "column": 45 }
        },
        "loc": {
          "start": { "line": 43, "column": 57 },
          "end": { "line": 59, "column": 9 }
        },
        "line": 43
      },
      "6": {
        "name": "(anonymous_6)",
        "decl": {
          "start": { "line": 48, "column": 14 },
          "end": { "line": 48, "column": 15 }
        },
        "loc": {
          "start": { "line": 48, "column": 22 },
          "end": { "line": 48, "column": 50 }
        },
        "line": 48
      },
      "7": {
        "name": "(anonymous_7)",
        "decl": {
          "start": { "line": 64, "column": 44 },
          "end": { "line": 64, "column": 45 }
        },
        "loc": {
          "start": { "line": 64, "column": 57 },
          "end": { "line": 83, "column": 9 }
        },
        "line": 64
      },
      "8": {
        "name": "(anonymous_8)",
        "decl": {
          "start": { "line": 67, "column": 14 },
          "end": { "line": 67, "column": 15 }
        },
        "loc": {
          "start": { "line": 67, "column": 22 },
          "end": { "line": 67, "column": 50 }
        },
        "line": 67
      },
      "9": {
        "name": "(anonymous_9)",
        "decl": {
          "start": { "line": 88, "column": 44 },
          "end": { "line": 88, "column": 45 }
        },
        "loc": {
          "start": { "line": 88, "column": 57 },
          "end": { "line": 110, "column": 9 }
        },
        "line": 88
      },
      "10": {
        "name": "(anonymous_10)",
        "decl": {
          "start": { "line": 93, "column": 41 },
          "end": { "line": 93, "column": 42 }
        },
        "loc": {
          "start": { "line": 93, "column": 49 },
          "end": { "line": 93, "column": 77 }
        },
        "line": 93
      },
      "11": {
        "name": "(anonymous_11)",
        "decl": {
          "start": { "line": 99, "column": 43 },
          "end": { "line": 99, "column": 44 }
        },
        "loc": {
          "start": { "line": 99, "column": 51 },
          "end": { "line": 99, "column": 79 }
        },
        "line": 99
      }
    },
    "branchMap": {
      "0": {
        "loc": {
          "start": { "line": 3, "column": 29 },
          "end": { "line": 3, "column": 48 }
        },
        "type": "default-arg",
        "locations": [
          {
            "start": { "line": 3, "column": 44 },
            "end": { "line": 3, "column": 48 }
          }
        ],
        "line": 3
      },
      "1": {
        "loc": {
          "start": { "line": 3, "column": 50 },
          "end": { "line": 3, "column": 61 }
        },
        "type": "default-arg",
        "locations": [
          {
            "start": { "line": 3, "column": 59 },
            "end": { "line": 3, "column": 61 }
          }
        ],
        "line": 3
      },
      "2": {
        "loc": {
          "start": { "line": 4, "column": 2 },
          "end": { "line": 114, "column": 3 }
        },
        "type": "switch",
        "locations": [
          {
            "start": { "line": 5, "column": 4 },
            "end": { "line": 6, "column": 41 }
          },
          {
            "start": { "line": 7, "column": 4 },
            "end": { "line": 11, "column": 8 }
          },
          {
            "start": { "line": 12, "column": 4 },
            "end": { "line": 19, "column": 8 }
          },
          {
            "start": { "line": 20, "column": 4 },
            "end": { "line": 27, "column": 8 }
          },
          {
            "start": { "line": 28, "column": 4 },
            "end": { "line": 39, "column": 8 }
          },
          {
            "start": { "line": 40, "column": 4 },
            "end": { "line": 60, "column": 8 }
          },
          {
            "start": { "line": 61, "column": 4 },
            "end": { "line": 84, "column": 8 }
          },
          {
            "start": { "line": 85, "column": 4 },
            "end": { "line": 111, "column": 8 }
          },
          {
            "start": { "line": 112, "column": 4 },
            "end": { "line": 113, "column": 26 }
          }
        ],
        "line": 4
      },
      "3": {
        "loc": {
          "start": { "line": 31, "column": 21 },
          "end": { "line": 35, "column": 36 }
        },
        "type": "cond-expr",
        "locations": [
          {
            "start": { "line": 32, "column": 12 },
            "end": { "line": 34, "column": 13 }
          },
          {
            "start": { "line": 35, "column": 12 },
            "end": { "line": 35, "column": 36 }
          }
        ],
        "line": 31
      },
      "4": {
        "loc": {
          "start": { "line": 36, "column": 19 },
          "end": { "line": 38, "column": 34 }
        },
        "type": "cond-expr",
        "locations": [
          {
            "start": { "line": 37, "column": 12 },
            "end": { "line": 37, "column": 79 }
          },
          {
            "start": { "line": 38, "column": 12 },
            "end": { "line": 38, "column": 34 }
          }
        ],
        "line": 36
      },
      "5": {
        "loc": {
          "start": { "line": 44, "column": 10 },
          "end": { "line": 56, "column": 11 }
        },
        "type": "if",
        "locations": [
          {
            "start": { "line": 44, "column": 10 },
            "end": { "line": 56, "column": 11 }
          },
          { "start": {}, "end": {} }
        ],
        "line": 44
      },
      "6": {
        "loc": {
          "start": { "line": 65, "column": 10 },
          "end": { "line": 80, "column": 11 }
        },
        "type": "if",
        "locations": [
          {
            "start": { "line": 65, "column": 10 },
            "end": { "line": 80, "column": 11 }
          },
          { "start": {}, "end": {} }
        ],
        "line": 65
      },
      "7": {
        "loc": {
          "start": { "line": 89, "column": 10 },
          "end": { "line": 107, "column": 11 }
        },
        "type": "if",
        "locations": [
          {
            "start": { "line": 89, "column": 10 },
            "end": { "line": 107, "column": 11 }
          },
          { "start": {}, "end": {} }
        ],
        "line": 89
      },
      "8": {
        "loc": {
          "start": { "line": 90, "column": 33 },
          "end": { "line": 94, "column": 33 }
        },
        "type": "cond-expr",
        "locations": [
          {
            "start": { "line": 93, "column": 16 },
            "end": { "line": 93, "column": 78 }
          },
          {
            "start": { "line": 94, "column": 16 },
            "end": { "line": 94, "column": 33 }
          }
        ],
        "line": 90
      },
      "9": {
        "loc": {
          "start": { "line": 96, "column": 35 },
          "end": { "line": 100, "column": 35 }
        },
        "type": "cond-expr",
        "locations": [
          {
            "start": { "line": 99, "column": 16 },
            "end": { "line": 99, "column": 80 }
          },
          {
            "start": { "line": 100, "column": 16 },
            "end": { "line": 100, "column": 35 }
          }
        ],
        "line": 96
      }
    },
    "s": {
      "0": 12,
      "1": 1,
      "2": 1,
      "3": 1,
      "4": 1,
      "5": 1,
      "6": 2,
      "7": 2,
      "8": 1,
      "9": 1,
      "10": 1,
      "11": 2,
      "12": 1,
      "13": 1,
      "14": 2,
      "15": 1,
      "16": 1,
      "17": 1,
      "18": 2,
      "19": 1,
      "20": 2,
      "21": 1,
      "22": 1,
      "23": 1,
      "24": 2,
      "25": 3,
      "26": 2,
      "27": 2,
      "28": 2,
      "29": 2,
      "30": 2,
      "31": 1,
      "32": 2
    },
    "f": {
      "0": 12,
      "1": 1,
      "2": 2,
      "3": 1,
      "4": 1,
      "5": 2,
      "6": 2,
      "7": 2,
      "8": 2,
      "9": 3,
      "10": 2,
      "11": 2
    },
    "b": {
      "0": [2],
      "1": [1],
      "2": [1, 1, 1, 1, 2, 1, 1, 2, 2],
      "3": [1, 1],
      "4": [1, 1],
      "5": [1, 1],
      "6": [1, 1],
      "7": [2, 1],
      "8": [1, 1],
      "9": [1, 1]
    },
    "_coverageSchema": "1a1c01bbd47fc00a2c39e90264f33305004495a9",
    "hash": "69544d2b87b4320cff317eaa66f56d89afe7751b"
  },
  "/home/egi/projects/dicoding/react-expert/src/states/threads/action.js": {
    "path": "/home/egi/projects/dicoding/react-expert/src/states/threads/action.js",
    "statementMap": {
      "0": {
        "start": { "line": 3, "column": 19 },
        "end": { "line": 6, "column": 1 }
      },
      "1": {
        "start": { "line": 9, "column": 2 },
        "end": { "line": 14, "column": 4 }
      },
      "2": {
        "start": { "line": 18, "column": 2 },
        "end": { "line": 23, "column": 4 }
      },
      "3": {
        "start": { "line": 27, "column": 2 },
        "end": { "line": 35, "column": 4 }
      },
      "4": {
        "start": { "line": 28, "column": 4 },
        "end": { "line": 34, "column": 5 }
      },
      "5": {
        "start": { "line": 29, "column": 22 },
        "end": { "line": 29, "column": 46 }
      },
      "6": {
        "start": { "line": 31, "column": 6 },
        "end": { "line": 31, "column": 53 }
      },
      "7": {
        "start": { "line": 33, "column": 6 },
        "end": { "line": 33, "column": 27 }
      },
      "8": {
        "start": { "line": 39, "column": 2 },
        "end": { "line": 46, "column": 4 }
      },
      "9": {
        "start": { "line": 40, "column": 4 },
        "end": { "line": 45, "column": 5 }
      },
      "10": {
        "start": { "line": 41, "column": 21 },
        "end": { "line": 41, "column": 70 }
      },
      "11": {
        "start": { "line": 42, "column": 6 },
        "end": { "line": 42, "column": 47 }
      },
      "12": {
        "start": { "line": 44, "column": 6 },
        "end": { "line": 44, "column": 27 }
      }
    },
    "fnMap": {
      "0": {
        "name": "receiveThreadsActionCreator",
        "decl": {
          "start": { "line": 8, "column": 9 },
          "end": { "line": 8, "column": 36 }
        },
        "loc": {
          "start": { "line": 8, "column": 46 },
          "end": { "line": 15, "column": 1 }
        },
        "line": 8
      },
      "1": {
        "name": "addThreadActionCreator",
        "decl": {
          "start": { "line": 17, "column": 9 },
          "end": { "line": 17, "column": 31 }
        },
        "loc": {
          "start": { "line": 17, "column": 40 },
          "end": { "line": 24, "column": 1 }
        },
        "line": 17
      },
      "2": {
        "name": "asyncPopulateThreads",
        "decl": {
          "start": { "line": 26, "column": 9 },
          "end": { "line": 26, "column": 29 }
        },
        "loc": {
          "start": { "line": 26, "column": 32 },
          "end": { "line": 36, "column": 1 }
        },
        "line": 26
      },
      "3": {
        "name": "(anonymous_3)",
        "decl": {
          "start": { "line": 27, "column": 9 },
          "end": { "line": 27, "column": 10 }
        },
        "loc": {
          "start": { "line": 27, "column": 29 },
          "end": { "line": 35, "column": 3 }
        },
        "line": 27
      },
      "4": {
        "name": "asyncAddThread",
        "decl": {
          "start": { "line": 38, "column": 9 },
          "end": { "line": 38, "column": 23 }
        },
        "loc": {
          "start": { "line": 38, "column": 51 },
          "end": { "line": 47, "column": 1 }
        },
        "line": 38
      },
      "5": {
        "name": "(anonymous_5)",
        "decl": {
          "start": { "line": 39, "column": 9 },
          "end": { "line": 39, "column": 10 }
        },
        "loc": {
          "start": { "line": 39, "column": 29 },
          "end": { "line": 46, "column": 3 }
        },
        "line": 39
      }
    },
    "branchMap": {},
    "s": {
      "0": 2,
      "1": 3,
      "2": 3,
      "3": 2,
      "4": 2,
      "5": 2,
      "6": 1,
      "7": 1,
      "8": 2,
      "9": 2,
      "10": 2,
      "11": 1,
      "12": 1
    },
    "f": { "0": 3, "1": 3, "2": 2, "3": 2, "4": 2, "5": 2 },
    "b": {},
    "_coverageSchema": "1a1c01bbd47fc00a2c39e90264f33305004495a9",
    "hash": "306aed016be0984d72e690d884c09bbe1be98d50"
  },
  "/home/egi/projects/dicoding/react-expert/src/states/threads/reducer.js": {
    "path": "/home/egi/projects/dicoding/react-expert/src/states/threads/reducer.js",
    "statementMap": {
      "0": {
        "start": { "line": 4, "column": 2 },
        "end": { "line": 11, "column": 3 }
      },
      "1": {
        "start": { "line": 6, "column": 6 },
        "end": { "line": 6, "column": 36 }
      },
      "2": {
        "start": { "line": 8, "column": 6 },
        "end": { "line": 8, "column": 49 }
      },
      "3": {
        "start": { "line": 10, "column": 6 },
        "end": { "line": 10, "column": 21 }
      }
    },
    "fnMap": {
      "0": {
        "name": "threadsReducer",
        "decl": {
          "start": { "line": 3, "column": 9 },
          "end": { "line": 3, "column": 23 }
        },
        "loc": {
          "start": { "line": 3, "column": 51 },
          "end": { "line": 12, "column": 1 }
        },
        "line": 3
      }
    },
    "branchMap": {
      "0": {
        "loc": {
          "start": { "line": 3, "column": 24 },
          "end": { "line": 3, "column": 36 }
        },
        "type": "default-arg",
        "locations": [
          {
            "start": { "line": 3, "column": 34 },
            "end": { "line": 3, "column": 36 }
          }
        ],
        "line": 3
      },
      "1": {
        "loc": {
          "start": { "line": 3, "column": 38 },
          "end": { "line": 3, "column": 49 }
        },
        "type": "default-arg",
        "locations": [
          {
            "start": { "line": 3, "column": 47 },
            "end": { "line": 3, "column": 49 }
          }
        ],
        "line": 3
      },
      "2": {
        "loc": {
          "start": { "line": 4, "column": 2 },
          "end": { "line": 11, "column": 3 }
        },
        "type": "switch",
        "locations": [
          {
            "start": { "line": 5, "column": 4 },
            "end": { "line": 6, "column": 36 }
          },
          {
            "start": { "line": 7, "column": 4 },
            "end": { "line": 8, "column": 49 }
          },
          {
            "start": { "line": 9, "column": 4 },
            "end": { "line": 10, "column": 21 }
          }
        ],
        "line": 4
      }
    },
    "s": { "0": 4, "1": 1, "2": 1, "3": 2 },
    "f": { "0": 4 },
    "b": { "0": [1], "1": [1], "2": [1, 1, 2] },
    "_coverageSchema": "1a1c01bbd47fc00a2c39e90264f33305004495a9",
    "hash": "a83c65576143e331c7d2783b666d489c7aaef42b"
  },
  "/home/egi/projects/dicoding/react-expert/src/states/users/action.js": {
    "path": "/home/egi/projects/dicoding/react-expert/src/states/users/action.js",
    "statementMap": {
      "0": {
        "start": { "line": 3, "column": 19 },
        "end": { "line": 6, "column": 1 }
      },
      "1": {
        "start": { "line": 9, "column": 2 },
        "end": { "line": 14, "column": 4 }
      },
      "2": {
        "start": { "line": 18, "column": 2 },
        "end": { "line": 24, "column": 4 }
      },
      "3": {
        "start": { "line": 19, "column": 4 },
        "end": { "line": 23, "column": 5 }
      },
      "4": {
        "start": { "line": 20, "column": 6 },
        "end": { "line": 20, "column": 52 }
      },
      "5": {
        "start": { "line": 22, "column": 6 },
        "end": { "line": 22, "column": 27 }
      },
      "6": {
        "start": { "line": 28, "column": 2 },
        "end": { "line": 36, "column": 4 }
      },
      "7": {
        "start": { "line": 29, "column": 4 },
        "end": { "line": 35, "column": 5 }
      },
      "8": {
        "start": { "line": 30, "column": 20 },
        "end": { "line": 30, "column": 43 }
      },
      "9": {
        "start": { "line": 32, "column": 6 },
        "end": { "line": 32, "column": 49 }
      },
      "10": {
        "start": { "line": 34, "column": 6 },
        "end": { "line": 34, "column": 27 }
      }
    },
    "fnMap": {
      "0": {
        "name": "receiveUsersActionCreator",
        "decl": {
          "start": { "line": 8, "column": 9 },
          "end": { "line": 8, "column": 34 }
        },
        "loc": {
          "start": { "line": 8, "column": 42 },
          "end": { "line": 15, "column": 1 }
        },
        "line": 8
      },
      "1": {
        "name": "asyncRegisterUser",
        "decl": {
          "start": { "line": 17, "column": 9 },
          "end": { "line": 17, "column": 26 }
        },
        "loc": {
          "start": { "line": 17, "column": 54 },
          "end": { "line": 25, "column": 1 }
        },
        "line": 17
      },
      "2": {
        "name": "(anonymous_2)",
        "decl": {
          "start": { "line": 18, "column": 9 },
          "end": { "line": 18, "column": 10 }
        },
        "loc": {
          "start": { "line": 18, "column": 21 },
          "end": { "line": 24, "column": 3 }
        },
        "line": 18
      },
      "3": {
        "name": "asyncPopulateUsers",
        "decl": {
          "start": { "line": 27, "column": 9 },
          "end": { "line": 27, "column": 27 }
        },
        "loc": {
          "start": { "line": 27, "column": 30 },
          "end": { "line": 37, "column": 1 }
        },
        "line": 27
      },
      "4": {
        "name": "(anonymous_4)",
        "decl": {
          "start": { "line": 28, "column": 9 },
          "end": { "line": 28, "column": 10 }
        },
        "loc": {
          "start": { "line": 28, "column": 29 },
          "end": { "line": 36, "column": 3 }
        },
        "line": 28
      }
    },
    "branchMap": {},
    "s": {
      "0": 2,
      "1": 3,
      "2": 2,
      "3": 2,
      "4": 2,
      "5": 1,
      "6": 2,
      "7": 2,
      "8": 2,
      "9": 1,
      "10": 1
    },
    "f": { "0": 3, "1": 2, "2": 2, "3": 2, "4": 2 },
    "b": {},
    "_coverageSchema": "1a1c01bbd47fc00a2c39e90264f33305004495a9",
    "hash": "1801dd5d847fe9ac3d57d52a2a30592d85a58e4b"
  },
  "/home/egi/projects/dicoding/react-expert/src/states/users/reducer.js": {
    "path": "/home/egi/projects/dicoding/react-expert/src/states/users/reducer.js",
    "statementMap": {
      "0": {
        "start": { "line": 4, "column": 2 },
        "end": { "line": 9, "column": 3 }
      },
      "1": {
        "start": { "line": 6, "column": 6 },
        "end": { "line": 6, "column": 34 }
      },
      "2": {
        "start": { "line": 8, "column": 6 },
        "end": { "line": 8, "column": 19 }
      }
    },
    "fnMap": {
      "0": {
        "name": "usersReducer",
        "decl": {
          "start": { "line": 3, "column": 9 },
          "end": { "line": 3, "column": 21 }
        },
        "loc": {
          "start": { "line": 3, "column": 47 },
          "end": { "line": 10, "column": 1 }
        },
        "line": 3
      }
    },
    "branchMap": {
      "0": {
        "loc": {
          "start": { "line": 3, "column": 22 },
          "end": { "line": 3, "column": 32 }
        },
        "type": "default-arg",
        "locations": [
          {
            "start": { "line": 3, "column": 30 },
            "end": { "line": 3, "column": 32 }
          }
        ],
        "line": 3
      },
      "1": {
        "loc": {
          "start": { "line": 3, "column": 34 },
          "end": { "line": 3, "column": 45 }
        },
        "type": "default-arg",
        "locations": [
          {
            "start": { "line": 3, "column": 43 },
            "end": { "line": 3, "column": 45 }
          }
        ],
        "line": 3
      },
      "2": {
        "loc": {
          "start": { "line": 4, "column": 2 },
          "end": { "line": 9, "column": 3 }
        },
        "type": "switch",
        "locations": [
          {
            "start": { "line": 5, "column": 4 },
            "end": { "line": 6, "column": 34 }
          },
          {
            "start": { "line": 7, "column": 4 },
            "end": { "line": 8, "column": 19 }
          }
        ],
        "line": 4
      }
    },
    "s": { "0": 3, "1": 1, "2": 2 },
    "f": { "0": 3 },
    "b": { "0": [1], "1": [1], "2": [1, 2] },
    "_coverageSchema": "1a1c01bbd47fc00a2c39e90264f33305004495a9",
    "hash": "f16c03162eb781bd4edf9cf51a62d0522499678a"
  },
  "/home/egi/projects/dicoding/react-expert/src/utils/api.js": {
    "path": "/home/egi/projects/dicoding/react-expert/src/utils/api.js",
    "statementMap": {
      "0": {
        "start": { "line": 1, "column": 12 },
        "end": { "line": 402, "column": 4 }
      },
      "1": {
        "start": { "line": 2, "column": 19 },
        "end": { "line": 2, "column": 54 }
      },
      "2": {
        "start": { "line": 5, "column": 4 },
        "end": { "line": 11, "column": 7 }
      },
      "3": {
        "start": { "line": 15, "column": 4 },
        "end": { "line": 15, "column": 47 }
      },
      "4": {
        "start": { "line": 19, "column": 4 },
        "end": { "line": 19, "column": 47 }
      },
      "5": {
        "start": { "line": 23, "column": 21 },
        "end": { "line": 33, "column": 6 }
      },
      "6": {
        "start": { "line": 35, "column": 25 },
        "end": { "line": 35, "column": 46 }
      },
      "7": {
        "start": { "line": 36, "column": 32 },
        "end": { "line": 36, "column": 44 }
      },
      "8": {
        "start": { "line": 38, "column": 4 },
        "end": { "line": 40, "column": 5 }
      },
      "9": {
        "start": { "line": 39, "column": 6 },
        "end": { "line": 39, "column": 31 }
      },
      "10": {
        "start": { "line": 44, "column": 8 },
        "end": { "line": 44, "column": 20 }
      },
      "11": {
        "start": { "line": 46, "column": 4 },
        "end": { "line": 46, "column": 16 }
      },
      "12": {
        "start": { "line": 50, "column": 21 },
        "end": { "line": 59, "column": 6 }
      },
      "13": {
        "start": { "line": 61, "column": 25 },
        "end": { "line": 61, "column": 46 }
      },
      "14": {
        "start": { "line": 63, "column": 32 },
        "end": { "line": 63, "column": 44 }
      },
      "15": {
        "start": { "line": 65, "column": 4 },
        "end": { "line": 67, "column": 5 }
      },
      "16": {
        "start": { "line": 66, "column": 6 },
        "end": { "line": 66, "column": 31 }
      },
      "17": {
        "start": { "line": 71, "column": 8 },
        "end": { "line": 71, "column": 20 }
      },
      "18": {
        "start": { "line": 73, "column": 4 },
        "end": { "line": 73, "column": 17 }
      },
      "19": {
        "start": { "line": 77, "column": 4 },
        "end": { "line": 93, "column": 5 }
      },
      "20": {
        "start": { "line": 78, "column": 23 },
        "end": { "line": 78, "column": 67 }
      },
      "21": {
        "start": { "line": 80, "column": 27 },
        "end": { "line": 80, "column": 48 }
      },
      "22": {
        "start": { "line": 82, "column": 34 },
        "end": { "line": 82, "column": 46 }
      },
      "23": {
        "start": { "line": 84, "column": 6 },
        "end": { "line": 86, "column": 7 }
      },
      "24": {
        "start": { "line": 85, "column": 8 },
        "end": { "line": 85, "column": 33 }
      },
      "25": {
        "start": { "line": 90, "column": 10 },
        "end": { "line": 90, "column": 22 }
      },
      "26": {
        "start": { "line": 92, "column": 6 },
        "end": { "line": 92, "column": 18 }
      },
      "27": {
        "start": { "line": 95, "column": 4 },
        "end": { "line": 95, "column": 16 }
      },
      "28": {
        "start": { "line": 99, "column": 21 },
        "end": { "line": 99, "column": 53 }
      },
      "29": {
        "start": { "line": 101, "column": 25 },
        "end": { "line": 101, "column": 46 }
      },
      "30": {
        "start": { "line": 103, "column": 32 },
        "end": { "line": 103, "column": 44 }
      },
      "31": {
        "start": { "line": 105, "column": 4 },
        "end": { "line": 107, "column": 5 }
      },
      "32": {
        "start": { "line": 106, "column": 6 },
        "end": { "line": 106, "column": 31 }
      },
      "33": {
        "start": { "line": 111, "column": 8 },
        "end": { "line": 111, "column": 20 }
      },
      "34": {
        "start": { "line": 113, "column": 4 },
        "end": { "line": 113, "column": 17 }
      },
      "35": {
        "start": { "line": 118, "column": 21 },
        "end": { "line": 118, "column": 55 }
      },
      "36": {
        "start": { "line": 120, "column": 25 },
        "end": { "line": 120, "column": 46 }
      },
      "37": {
        "start": { "line": 122, "column": 32 },
        "end": { "line": 122, "column": 44 }
      },
      "38": {
        "start": { "line": 124, "column": 4 },
        "end": { "line": 126, "column": 5 }
      },
      "39": {
        "start": { "line": 125, "column": 6 },
        "end": { "line": 125, "column": 31 }
      },
      "40": {
        "start": { "line": 130, "column": 8 },
        "end": { "line": 130, "column": 20 }
      },
      "41": {
        "start": { "line": 132, "column": 4 },
        "end": { "line": 132, "column": 19 }
      },
      "42": {
        "start": { "line": 136, "column": 21 },
        "end": { "line": 136, "column": 61 }
      },
      "43": {
        "start": { "line": 138, "column": 25 },
        "end": { "line": 138, "column": 46 }
      },
      "44": {
        "start": { "line": 140, "column": 32 },
        "end": { "line": 140, "column": 44 }
      },
      "45": {
        "start": { "line": 142, "column": 4 },
        "end": { "line": 144, "column": 5 }
      },
      "46": {
        "start": { "line": 143, "column": 6 },
        "end": { "line": 143, "column": 31 }
      },
      "47": {
        "start": { "line": 148, "column": 8 },
        "end": { "line": 148, "column": 20 }
      },
      "48": {
        "start": { "line": 150, "column": 4 },
        "end": { "line": 150, "column": 24 }
      },
      "49": {
        "start": { "line": 154, "column": 21 },
        "end": { "line": 164, "column": 6 }
      },
      "50": {
        "start": { "line": 166, "column": 25 },
        "end": { "line": 166, "column": 46 }
      },
      "51": {
        "start": { "line": 168, "column": 32 },
        "end": { "line": 168, "column": 44 }
      },
      "52": {
        "start": { "line": 170, "column": 4 },
        "end": { "line": 172, "column": 5 }
      },
      "53": {
        "start": { "line": 171, "column": 6 },
        "end": { "line": 171, "column": 31 }
      },
      "54": {
        "start": { "line": 176, "column": 8 },
        "end": { "line": 176, "column": 20 }
      },
      "55": {
        "start": { "line": 178, "column": 4 },
        "end": { "line": 178, "column": 18 }
      },
      "56": {
        "start": { "line": 182, "column": 21 },
        "end": { "line": 193, "column": 5 }
      },
      "57": {
        "start": { "line": 195, "column": 25 },
        "end": { "line": 195, "column": 46 }
      },
      "58": {
        "start": { "line": 197, "column": 32 },
        "end": { "line": 197, "column": 44 }
      },
      "59": {
        "start": { "line": 199, "column": 4 },
        "end": { "line": 201, "column": 5 }
      },
      "60": {
        "start": { "line": 200, "column": 6 },
        "end": { "line": 200, "column": 31 }
      },
      "61": {
        "start": { "line": 205, "column": 8 },
        "end": { "line": 205, "column": 20 }
      },
      "62": {
        "start": { "line": 207, "column": 4 },
        "end": { "line": 207, "column": 19 }
      },
      "63": {
        "start": { "line": 211, "column": 21 },
        "end": { "line": 219, "column": 5 }
      },
      "64": {
        "start": { "line": 221, "column": 25 },
        "end": { "line": 221, "column": 46 }
      },
      "65": {
        "start": { "line": 223, "column": 32 },
        "end": { "line": 223, "column": 44 }
      },
      "66": {
        "start": { "line": 225, "column": 4 },
        "end": { "line": 227, "column": 5 }
      },
      "67": {
        "start": { "line": 226, "column": 6 },
        "end": { "line": 226, "column": 31 }
      },
      "68": {
        "start": { "line": 231, "column": 8 },
        "end": { "line": 231, "column": 20 }
      },
      "69": {
        "start": { "line": 233, "column": 4 },
        "end": { "line": 233, "column": 16 }
      },
      "70": {
        "start": { "line": 237, "column": 21 },
        "end": { "line": 245, "column": 5 }
      },
      "71": {
        "start": { "line": 247, "column": 25 },
        "end": { "line": 247, "column": 46 }
      },
      "72": {
        "start": { "line": 249, "column": 32 },
        "end": { "line": 249, "column": 44 }
      },
      "73": {
        "start": { "line": 251, "column": 4 },
        "end": { "line": 253, "column": 5 }
      },
      "74": {
        "start": { "line": 252, "column": 6 },
        "end": { "line": 252, "column": 31 }
      },
      "75": {
        "start": { "line": 257, "column": 8 },
        "end": { "line": 257, "column": 20 }
      },
      "76": {
        "start": { "line": 259, "column": 4 },
        "end": { "line": 259, "column": 16 }
      },
      "77": {
        "start": { "line": 263, "column": 21 },
        "end": { "line": 271, "column": 5 }
      },
[...]
      },
      "106": {
        "start": { "line": 369, "column": 25 },
        "end": { "line": 369, "column": 46 }
      },
      "107": {
        "start": { "line": 371, "column": 32 },
        "end": { "line": 371, "column": 44 }
      },
      "108": {
        "start": { "line": 373, "column": 4 },
        "end": { "line": 375, "column": 5 }
      },
      "109": {
        "start": { "line": 374, "column": 6 },
        "end": { "line": 374, "column": 31 }
      },
      "110": {
        "start": { "line": 379, "column": 8 },
        "end": { "line": 379, "column": 20 }
      },
      "111": {
        "start": { "line": 381, "column": 4 },
        "end": { "line": 381, "column": 24 }
      },
      "112": {
        "start": { "line": 384, "column": 2 },
        "end": { "line": 401, "column": 4 }
      }
    },
    "fnMap": {
      "0": {
        "name": "(anonymous_0)",
        "decl": {
          "start": { "line": 1, "column": 13 },
          "end": { "line": 1, "column": 14 }
        },
        "loc": {
          "start": { "line": 1, "column": 19 },
          "end": { "line": 402, "column": 1 }
        },
        "line": 1
      },
      "1": {
        "name": "_fetchWithAuth",
        "decl": {
          "start": { "line": 4, "column": 17 },
          "end": { "line": 4, "column": 31 }
        },
        "loc": {
          "start": { "line": 4, "column": 51 },
          "end": { "line": 12, "column": 3 }
        },
        "line": 4
      },
      "2": {
        "name": "putAccessToken",
        "decl": {
          "start": { "line": 14, "column": 11 },
          "end": { "line": 14, "column": 25 }
        },
        "loc": {
          "start": { "line": 14, "column": 33 },
          "end": { "line": 16, "column": 3 }
        },
        "line": 14
      },
      "3": {
        "name": "getAccessToken",
        "decl": {
          "start": { "line": 18, "column": 11 },
          "end": { "line": 18, "column": 25 }
        },
        "loc": {
          "start": { "line": 18, "column": 28 },
          "end": { "line": 20, "column": 3 }
        },
        "line": 18
      },
      "4": {
        "name": "register",
        "decl": {
          "start": { "line": 22, "column": 17 },
          "end": { "line": 22, "column": 25 }
        },
        "loc": {
          "start": { "line": 22, "column": 53 },
          "end": { "line": 47, "column": 3 }
        },
        "line": 22
      },
      "5": {
        "name": "login",
        "decl": {
          "start": { "line": 49, "column": 17 },
          "end": { "line": 49, "column": 22 }
        },
        "loc": {
          "start": { "line": 49, "column": 44 },
          "end": { "line": 74, "column": 3 }
        },
        "line": 49
      },
      "6": {
        "name": "getOwnProfile",
        "decl": {
          "start": { "line": 76, "column": 17 },
          "end": { "line": 76, "column": 30 }
        },
        "loc": {
          "start": { "line": 76, "column": 33 },
          "end": { "line": 96, "column": 3 }
        },
        "line": 76
      },
      "7": {
        "name": "getAllUsers",
        "decl": {
          "start": { "line": 98, "column": 17 },
          "end": { "line": 98, "column": 28 }
        },
        "loc": {
          "start": { "line": 98, "column": 31 },
          "end": { "line": 114, "column": 3 }
        },
        "line": 98
      },
      "8": {
        "name": "getAllThread",
        "decl": {
          "start": { "line": 117, "column": 17 },
          "end": { "line": 117, "column": 29 }
        },
        "loc": {
          "start": { "line": 117, "column": 32 },
          "end": { "line": 133, "column": 3 }
        },
        "line": 117
      },
      "9": {
        "name": "getThreadDetail",
        "decl": {
          "start": { "line": 135, "column": 17 },
          "end": { "line": 135, "column": 32 }
        },
        "loc": {
          "start": { "line": 135, "column": 37 },
          "end": { "line": 151, "column": 3 }
        },
        "line": 135
      },
      "10": {
        "name": "createThread",
        "decl": {
          "start": { "line": 153, "column": 17 },
          "end": { "line": 153, "column": 29 }
        },
        "loc": {
          "start": { "line": 153, "column": 57 },
          "end": { "line": 179, "column": 3 }
        },
        "line": 153
      },
      "11": {
        "name": "createComment",
        "decl": {
          "start": { "line": 181, "column": 17 },
          "end": { "line": 181, "column": 30 }
        },
        "loc": {
          "start": { "line": 181, "column": 50 },
          "end": { "line": 208, "column": 3 }
        },
        "line": 181
      },
      "12": {
        "name": "upVoteThread",
        "decl": {
          "start": { "line": 210, "column": 17 },
          "end": { "line": 210, "column": 29 }
        },
        "loc": {
          "start": { "line": 210, "column": 40 },
          "end": { "line": 234, "column": 3 }
        },
        "line": 210
      },
      "13": {
        "name": "downVoteThread",
        "decl": {
          "start": { "line": 236, "column": 17 },
          "end": { "line": 236, "column": 31 }
        },
        "loc": {
          "start": { "line": 236, "column": 42 },
          "end": { "line": 260, "column": 3 }
        },
        "line": 236
      },
      "14": {
        "name": "neutralizeVoteThread",
        "decl": {
          "start": { "line": 262, "column": 17 },
          "end": { "line": 262, "column": 37 }
        },
        "loc": {
          "start": { "line": 262, "column": 48 },
          "end": { "line": 286, "column": 3 }
        },
        "line": 262
      },
      "15": {
        "name": "upVoteComment",
        "decl": {
          "start": { "line": 288, "column": 17 },
          "end": { "line": 288, "column": 30 }
        },
        "loc": {
          "start": { "line": 288, "column": 52 },
          "end": { "line": 312, "column": 3 }
        },
        "line": 288
      },
      "16": {
        "name": "downVoteComment",
        "decl": {
          "start": { "line": 314, "column": 17 },
          "end": { "line": 314, "column": 32 }
        },
        "loc": {
          "start": { "line": 314, "column": 54 },
          "end": { "line": 338, "column": 3 }
        },
        "line": 314
      },
      "17": {
        "name": "neutralizeVoteComment",
        "decl": {
          "start": { "line": 340, "column": 17 },
          "end": { "line": 340, "column": 38 }
        },
        "loc": {
          "start": { "line": 340, "column": 60 },
          "end": { "line": 364, "column": 3 }
        },
        "line": 340
      },
      "18": {
        "name": "getLeaderboard",
        "decl": {
          "start": { "line": 366, "column": 17 },
          "end": { "line": 366, "column": 31 }
        },
        "loc": {
          "start": { "line": 366, "column": 34 },
          "end": { "line": 382, "column": 3 }
        },
        "line": 366
      }
    },
    "branchMap": {
      "0": {
        "loc": {
          "start": { "line": 4, "column": 37 },
          "end": { "line": 4, "column": 49 }
        },
        "type": "default-arg",
        "locations": [
          {
            "start": { "line": 4, "column": 47 },
            "end": { "line": 4, "column": 49 }
          }
        ],
        "line": 4
      },
      "1": {
        "loc": {
          "start": { "line": 38, "column": 4 },
          "end": { "line": 40, "column": 5 }
        },
        "type": "if",
        "locations": [
          {
            "start": { "line": 38, "column": 4 },
            "end": { "line": 40, "column": 5 }
          },
          { "start": {}, "end": {} }
        ],
        "line": 38
      },
      "2": {
        "loc": {
          "start": { "line": 65, "column": 4 },
          "end": { "line": 67, "column": 5 }
        },
        "type": "if",
        "locations": [
          {
            "start": { "line": 65, "column": 4 },
            "end": { "line": 67, "column": 5 }
          },
          { "start": {}, "end": {} }
        ],
        "line": 65
      },
      "3": {
        "loc": {
          "start": { "line": 77, "column": 4 },
          "end": { "line": 93, "column": 5 }
        },
        "type": "if",
        "locations": [
          {
            "start": { "line": 77, "column": 4 },
            "end": { "line": 93, "column": 5 }
          },
          { "start": {}, "end": {} }
        ],
        "line": 77
      },
      "4": {
        "loc": {
          "start": { "line": 84, "column": 6 },
          "end": { "line": 86, "column": 7 }
        },
        "type": "if",
        "locations": [
          {
            "start": { "line": 84, "column": 6 },
            "end": { "line": 86, "column": 7 }
          },
          { "start": {}, "end": {} }
        ],
        "line": 84
      },
      "5": {
        "loc": {
          "start": { "line": 105, "column": 4 },
          "end": { "line": 107, "column": 5 }
        },
        "type": "if",
        "locations": [
          {
            "start": { "line": 105, "column": 4 },
            "end": { "line": 107, "column": 5 }
          },
          { "start": {}, "end": {} }
        ],
        "line": 105
      },
      "6": {
        "loc": {
          "start": { "line": 124, "column": 4 },
          "end": { "line": 126, "column": 5 }
        },
        "type": "if",
        "locations": [
          {
            "start": { "line": 124, "column": 4 },
            "end": { "line": 126, "column": 5 }
          },
          { "start": {}, "end": {} }
        ],
        "line": 124
      },
      "7": {
        "loc": {
          "start": { "line": 142, "column": 4 },
          "end": { "line": 144, "column": 5 }
        },
        "type": "if",
        "locations": [
          {
            "start": { "line": 142, "column": 4 },
            "end": { "line": 144, "column": 5 }
          },
          { "start": {}, "end": {} }
        ],
        "line": 142
      },
      "8": {
        "loc": {
          "start": { "line": 170, "column": 4 },
          "end": { "line": 172, "column": 5 }
        },
        "type": "if",
        "locations": [
          {
            "start": { "line": 170, "column": 4 },
            "end": { "line": 172, "column": 5 }
          },
          { "start": {}, "end": {} }
        ],
        "line": 170
      },
      "9": {
        "loc": {
          "start": { "line": 199, "column": 4 },
          "end": { "line": 201, "column": 5 }
        },
        "type": "if",
        "locations": [
          {
            "start": { "line": 199, "column": 4 },
            "end": { "line": 201, "column": 5 }
          },
          { "start": {}, "end": {} }
        ],
        "line": 199
      },
      "10": {
        "loc": {
          "start": { "line": 225, "column": 4 },
          "end": { "line": 227, "column": 5 }
        },
        "type": "if",
        "locations": [
          {
            "start": { "line": 225, "column": 4 },
            "end": { "line": 227, "column": 5 }
          },
          { "start": {}, "end": {} }
        ],
        "line": 225
      },
      "11": {
        "loc": {
          "start": { "line": 251, "column": 4 },
          "end": { "line": 253, "column": 5 }
        },
        "type": "if",
        "locations": [
          {
            "start": { "line": 251, "column": 4 },
            "end": { "line": 253, "column": 5 }
          },
          { "start": {}, "end": {} }
        ],
        "line": 251
      },
      "12": {
        "loc": {
          "start": { "line": 277, "column": 4 },
          "end": { "line": 279, "column": 5 }
        },
        "type": "if",
        "locations": [
          {
            "start": { "line": 277, "column": 4 },
            "end": { "line": 279, "column": 5 }
          },
          { "start": {}, "end": {} }
        ],
        "line": 277
      },
      "13": {
        "loc": {
          "start": { "line": 303, "column": 4 },
          "end": { "line": 305, "column": 5 }
        },
        "type": "if",
        "locations": [
          {
            "start": { "line": 303, "column": 4 },
            "end": { "line": 305, "column": 5 }
          },
          { "start": {}, "end": {} }
        ],
        "line": 303
      },
      "14": {
        "loc": {
          "start": { "line": 329, "column": 4 },
          "end": { "line": 331, "column": 5 }
        },
        "type": "if",
        "locations": [
          {
            "start": { "line": 329, "column": 4 },
            "end": { "line": 331, "column": 5 }
          },
          { "start": {}, "end": {} }
        ],
        "line": 329
      },
      "15": {
        "loc": {
          "start": { "line": 355, "column": 4 },
          "end": { "line": 357, "column": 5 }
        },
        "type": "if",
        "locations": [
          {
            "start": { "line": 355, "column": 4 },
            "end": { "line": 357, "column": 5 }
          },
          { "start": {}, "end": {} }
        ],
        "line": 355
      },
      "16": {
        "loc": {
          "start": { "line": 373, "column": 4 },
          "end": { "line": 375, "column": 5 }
        },
        "type": "if",
        "locations": [
          {
            "start": { "line": 373, "column": 4 },
            "end": { "line": 375, "column": 5 }
          },
          { "start": {}, "end": {} }
        ],
        "line": 373
      }
    },
    "s": {
      "0": 5,
      "1": 5,
      "2": 0,
      "3": 0,
      "4": 0,
      "5": 0,
      "6": 0,
      "7": 0,
      "8": 0,
      "9": 0,
      "10": 0,
      "11": 0,
      "12": 0,
      "13": 0,
      "14": 0,
      "15": 0,
      "16": 0,
      "17": 0,
      "18": 0,
      "19": 0,
      "20": 0,
      "21": 0,
      "22": 0,
      "23": 0,
      "24": 0,
      "25": 0,
      "26": 0,
      "27": 0,
      "28": 0,
      "29": 0,
      "30": 0,
      "31": 0,
      "32": 0,
      "33": 0,
      "34": 0,
      "35": 0,
      "36": 0,
      "37": 0,
      "38": 0,
      "39": 0,
      "40": 0,
      "41": 0,
      "42": 0,
      "43": 0,
      "44": 0,
      "45": 0,
      "46": 0,
      "47": 0,
      "48": 0,
      "49": 0,
      "50": 0,
      "51": 0,
      "52": 0,
      "53": 0,
      "54": 0,
      "55": 0,
      "56": 0,
      "57": 0,
      "58": 0,
      "59": 0,
      "60": 0,
      "61": 0,
      "62": 0,
      "63": 0,
      "64": 0,
      "65": 0,
      "66": 0,
      "67": 0,
      "68": 0,
      "69": 0,
      "70": 0,
      "71": 0,
      "72": 0,
      "73": 0,
      "74": 0,
      "75": 0,
      "76": 0,
      "77": 0,
      "78": 0,
      "79": 0,
      "80": 0,
      "81": 0,
      "82": 0,
      "83": 0,
      "84": 0,
      "85": 0,
      "86": 0,
      "87": 0,
      "88": 0,
      "89": 0,
      "90": 0,
      "91": 0,
      "92": 0,
      "93": 0,
      "94": 0,
      "95": 0,
      "96": 0,
      "97": 0,
      "98": 0,
      "99": 0,
      "100": 0,
      "101": 0,
      "102": 0,
      "103": 0,
      "104": 0,
      "105": 0,
      "106": 0,
      "107": 0,
      "108": 0,
      "109": 0,
      "110": 0,
      "111": 0,
      "112": 5
    },
    "f": {
      "0": 5,
      "1": 0,
      "2": 0,
      "3": 0,
      "4": 0,
      "5": 0,
      "6": 0,
      "7": 0,
      "8": 0,
      "9": 0,
      "10": 0,
      "11": 0,
      "12": 0,
      "13": 0,
      "14": 0,
      "15": 0,
      "16": 0,
      "17": 0,
      "18": 0
    },
    "b": {
      "0": [0],
      "1": [0, 0],
      "2": [0, 0],
      "3": [0, 0],
      "4": [0, 0],
      "5": [0, 0],
      "6": [0, 0],
      "7": [0, 0],
      "8": [0, 0],
      "9": [0, 0],
      "10": [0, 0],
      "11": [0, 0],
      "12": [0, 0],
      "13": [0, 0],
      "14": [0, 0],
      "15": [0, 0],
      "16": [0, 0]
    },
    "_coverageSchema": "1a1c01bbd47fc00a2c39e90264f33305004495a9",
    "hash": "c552e63516e7ab230e563cac8940e89b4cbad32f"
  },
  "/home/egi/projects/dicoding/react-expert/src/utils/index.js": {
    "path": "/home/egi/projects/dicoding/react-expert/src/utils/index.js",
    "statementMap": {
      "0": {
        "start": { "line": 2, "column": 14 },
        "end": { "line": 2, "column": 24 }
      },
      "1": {
        "start": { "line": 3, "column": 15 },
        "end": { "line": 3, "column": 35 }
      },
      "2": {
        "start": { "line": 4, "column": 24 },
        "end": { "line": 4, "column": 55 }
      },
      "3": {
        "start": { "line": 6, "column": 16 },
        "end": { "line": 13, "column": 3 }
      },
      "4": {
        "start": { "line": 15, "column": 14 },
        "end": { "line": 15, "column": 68 }
      },
      "5": {
        "start": { "line": 17, "column": 2 },
        "end": { "line": 22, "column": 3 }
      },
      "6": {
        "start": { "line": 18, "column": 4 },
        "end": { "line": 21, "column": 5 }
      },
      "7": {
        "start": { "line": 19, "column": 20 },
        "end": { "line": 19, "column": 60 }
      },
      "8": {
        "start": { "line": 20, "column": 6 },
        "end": { "line": 20, "column": 43 }
      },
      "9": {
        "start": { "line": 26, "column": 27 },
        "end": { "line": 26, "column": 72 }
      },
      "10": {
        "start": { "line": 28, "column": 2 },
        "end": { "line": 33, "column": 3 }
      },
      "11": {
        "start": { "line": 29, "column": 24 },
        "end": { "line": 29, "column": 46 }
      },
      "12": {
        "start": { "line": 30, "column": 4 },
        "end": { "line": 32, "column": 6 }
      },
      "13": {
        "start": { "line": 31, "column": 6 },
        "end": { "line": 31, "column": 75 }
      },
      "14": {
        "start": { "line": 35, "column": 2 },
        "end": { "line": 35, "column": 32 }
      }
    },
    "fnMap": {
      "0": {
        "name": "showFormattedDate",
        "decl": {
          "start": { "line": 1, "column": 9 },
          "end": { "line": 1, "column": 26 }
        },
        "loc": {
          "start": { "line": 1, "column": 39 },
          "end": { "line": 23, "column": 1 }
        },
        "line": 1
      },
      "1": {
        "name": "validateProps",
        "decl": {
          "start": { "line": 25, "column": 9 },
          "end": { "line": 25, "column": 22 }
        },
        "loc": {
          "start": { "line": 25, "column": 53 },
          "end": { "line": 36, "column": 1 }
        },
        "line": 25
      },
      "2": {
        "name": "(anonymous_2)",
        "decl": {
          "start": { "line": 30, "column": 20 },
          "end": { "line": 30, "column": 21 }
        },
        "loc": {
          "start": { "line": 31, "column": 6 },
          "end": { "line": 31, "column": 75 }
        },
        "line": 31
      }
    },
    "branchMap": {
      "0": {
        "loc": {
          "start": { "line": 18, "column": 4 },
          "end": { "line": 21, "column": 5 }
        },
        "type": "if",
        "locations": [
          {
            "start": { "line": 18, "column": 4 },
            "end": { "line": 21, "column": 5 }
          },
          { "start": {}, "end": {} }
        ],
        "line": 18
      },
      "1": {
        "loc": {
          "start": { "line": 28, "column": 2 },
          "end": { "line": 33, "column": 3 }
        },
        "type": "if",
        "locations": [
          {
            "start": { "line": 28, "column": 2 },
            "end": { "line": 33, "column": 3 }
          },
          { "start": {}, "end": {} }
        ],
        "line": 28
      }
    },
    "s": {
      "0": 8,
      "1": 8,
      "2": 8,
      "3": 8,
      "4": 8,
      "5": 8,
      "6": 8,
      "7": 8,
      "8": 8,
      "9": 22,
      "10": 22,
      "11": 0,
      "12": 0,
      "13": 0,
      "14": 22
    },
    "f": { "0": 8, "1": 22, "2": 0 },
    "b": { "0": [8, 0], "1": [0, 22] },
    "_coverageSchema": "1a1c01bbd47fc00a2c39e90264f33305004495a9",
    "hash": "fb10d0997c85c80de77112264682edfb6bc1b74e"
  }
}
