TN:
SF:src/components/Comment.jsx
FN:34,Comment
FN:43,handleUpVote
FN:51,handleDownVote
FNF:3
FNH:3
FNDA:5,Comment
FNDA:2,handleUpVote
FNDA:2,handleDownVote
DA:17,1
DA:35,5
DA:41,5
DA:44,2
DA:45,1
DA:47,1
DA:52,2
DA:53,1
DA:55,1
DA:59,5
LF:10
LH:10
BRDA:44,0,0,1
BRDA:44,0,1,1
BRDA:52,1,0,1
BRDA:52,1,1,1
BRDA:82,2,0,1
BRDA:82,2,1,4
BRDA:86,3,0,1
BRDA:86,3,1,4
BRDA:95,4,0,1
BRDA:95,4,1,4
BRDA:99,5,0,1
BRDA:99,5,1,4
BRF:12
BRH:12
end_of_record
TN:
SF:src/components/CreateThreadLink.jsx
FN:4,CreateThreadLink
FNF:1
FNH:1
FNDA:1,CreateThreadLink
DA:5,1
LF:1
LH:1
BRF:0
BRH:0
end_of_record
TN:
SF:src/components/Footer.jsx
FN:3,Footer
FNF:1
FNH:1
FNDA:1,Footer
DA:4,1
LF:1
LH:1
BRF:0
BRH:0
end_of_record
TN:
SF:src/components/Header.jsx
FN:15,Header
FN:27,handleAvatarClick
FN:31,handleNavigateToLogin
FN:35,ActionComponent
FN:149,(anonymous_4)
FN:150,handleClickOutside
FN:157,(anonymous_6)
FN:160,(anonymous_7)
FNF:8
FNH:8
FNDA:13,Header
FNDA:3,handleAvatarClick
FNDA:1,handleNavigateToLogin
FNDA:10,ActionComponent
FNDA:6,(anonymous_4)
FNDA:6,handleClickOutside
FNDA:6,(anonymous_6)
FNDA:6,(anonymous_7)
DA:6,1
DA:16,13
DA:22,13
DA:23,13
DA:24,13
DA:25,13
DA:28,3
DA:32,1
DA:36,10
DA:37,8
DA:137,2
DA:149,13
DA:151,6
DA:152,1
DA:156,6
DA:157,6
DA:160,13
DA:161,6
DA:164,13
LF:19
LH:19
BRDA:36,0,0,8
BRDA:36,0,1,2
BRDA:52,1,0,8
BRDA:52,1,1,3
BRDA:151,2,0,1
BRDA:151,2,1,5
BRDA:151,3,0,6
BRDA:151,3,1,5
BRF:8
BRH:8
end_of_record
TN:
SF:src/components/ThreadItem.jsx
FN:32,ThreadItem
FNF:1
FNH:1
FNDA:3,ThreadItem
DA:7,2
DA:33,3
DA:35,3
LF:3
LH:3
BRF:0
BRH:0
end_of_record
TN:
SF:src/components/ThreadList.jsx
FN:33,ThreadList
FN:38,(anonymous_1)
FNF:2
FNH:2
FNDA:1,ThreadList
FNDA:2,(anonymous_1)
DA:6,1
DA:34,1
DA:36,1
DA:39,2
LF:4
LH:4
BRF:0
BRH:0
end_of_record
TN:
SF:src/states/authUser/action.js
FN:8,setAuthUserActionCreator
FN:17,unsetAuthUserActionCreator
FN:26,asyncSetAuthUser
FN:27,(anonymous_3)
FN:40,asyncUnsetAuthUser
FN:41,(anonymous_5)
FNF:6
FNH:6
FNDA:3,setAuthUserActionCreator
FNDA:3,unsetAuthUserActionCreator
FNDA:2,asyncSetAuthUser
FNDA:2,(anonymous_3)
FNDA:1,asyncUnsetAuthUser
FNDA:1,(anonymous_5)
DA:3,2
DA:9,3
DA:18,3
DA:27,2
DA:28,2
DA:29,2
DA:30,1
DA:31,1
DA:33,1
DA:35,1
DA:41,1
DA:42,1
DA:43,1
LF:13
LH:13
BRF:0
BRH:0
end_of_record
TN:
SF:src/states/authUser/reducer.js
FN:3,authUserReducer
FNF:1
FNH:1
FNDA:4,authUserReducer
DA:4,4
DA:6,1
DA:8,1
DA:10,2
LF:4
LH:4
BRDA:3,0,0,1
BRDA:3,1,0,1
BRDA:4,2,0,1
BRDA:4,2,1,1
BRDA:4,2,2,2
BRF:5
BRH:5
end_of_record
TN:
SF:src/states/leaderboard/action.js
FN:7,receiveLeaderboardActionCreator
FN:16,asyncPopulateLeaderboard
FN:17,(anonymous_2)
FNF:3
FNH:3
FNDA:3,receiveLeaderboardActionCreator
FNDA:2,asyncPopulateLeaderboard
FNDA:2,(anonymous_2)
DA:3,2
DA:8,3
DA:17,2
DA:18,2
DA:19,2
DA:21,1
DA:23,1
LF:7
LH:7
BRF:0
BRH:0
end_of_record
TN:
SF:src/states/leaderboard/reducer.js
FN:3,leaderboardReducer
FNF:1
FNH:1
FNDA:3,leaderboardReducer
DA:4,3
DA:6,1
DA:8,2
LF:3
LH:3
BRDA:3,0,0,1
BRDA:3,1,0,1
BRDA:4,2,0,1
BRDA:4,2,1,2
BRF:4
BRH:4
end_of_record
TN:
SF:src/states/threadDetail/action.js
FN:14,receiveThreadDetailActionCreator
FN:23,addCommentActionCreator
FN:32,toggleUpVoteThreadActionCreator
FN:41,toggleDownVoteThreadActionCreator
FN:50,toggleNeutralizeVoteThreadActionCreator
FN:59,toggleUpVoteCommentActionCreator
FN:69,toggleDownVoteCommentActionCreator
FN:79,toggleNeutralizeVoteCommentActionCreator
FN:89,asyncReceiveThreadDetail
FN:90,(anonymous_9)
FN:100,asyncAddComment
FN:101,(anonymous_11)
FN:111,asyncToggleUpVoteThread
FN:112,(anonymous_13)
FN:125,asyncToggleDownVoteThread
FN:126,(anonymous_15)
FN:139,asyncToggleNeutralizeVoteThread
FN:140,(anonymous_17)
FN:152,asyncToggleUpVoteComment
FN:153,(anonymous_19)
FN:168,asyncToggleDownVoteComment
FN:169,(anonymous_21)
FN:184,asyncToggleNeutralizeVoteComment
FN:185,(anonymous_23)
FNF:24
FNH:24
FNDA:3,receiveThreadDetailActionCreator
FNDA:3,addCommentActionCreator
FNDA:5,toggleUpVoteThreadActionCreator
FNDA:5,toggleDownVoteThreadActionCreator
FNDA:9,toggleNeutralizeVoteThreadActionCreator
FNDA:5,toggleUpVoteCommentActionCreator
FNDA:5,toggleDownVoteCommentActionCreator
FNDA:10,toggleNeutralizeVoteCommentActionCreator
FNDA:2,asyncReceiveThreadDetail
FNDA:2,(anonymous_9)
FNDA:2,asyncAddComment
FNDA:2,(anonymous_11)
FNDA:2,asyncToggleUpVoteThread
FNDA:2,(anonymous_13)
FNDA:2,asyncToggleDownVoteThread
FNDA:2,(anonymous_15)
FNDA:2,asyncToggleNeutralizeVoteThread
FNDA:2,(anonymous_17)
FNDA:2,asyncToggleUpVoteComment
FNDA:2,(anonymous_19)
FNDA:2,asyncToggleDownVoteComment
FNDA:2,(anonymous_21)
FNDA:2,asyncToggleNeutralizeVoteComment
FNDA:2,(anonymous_23)
DA:3,2
DA:15,3
DA:24,3
DA:33,5
DA:42,5
DA:51,9
DA:60,5
DA:70,5
DA:80,10
DA:90,2
DA:91,2
DA:92,2
DA:93,1
DA:95,1
DA:101,2
DA:102,2
DA:103,2
DA:104,1
DA:106,1
DA:112,2
DA:113,2
DA:114,2
DA:116,2
DA:117,2
DA:119,1
DA:120,1
DA:126,2
DA:127,2
DA:128,2
DA:130,2
DA:131,2
DA:133,1
DA:134,1
DA:140,2
DA:141,2
DA:142,2
DA:144,2
DA:145,2
DA:147,1
DA:153,2
DA:154,2
DA:155,2
DA:157,2
DA:158,2
DA:160,1
DA:161,1
DA:169,2
DA:170,2
DA:171,2
DA:173,2
DA:174,2
DA:176,1
DA:177,1
DA:185,2
DA:186,2
DA:187,2
DA:189,2
DA:190,2
DA:192,1
LF:59
LH:59
BRF:0
BRH:0
end_of_record
TN:
SF:src/states/threadDetail/reducer.js
FN:3,threadDetailReducer
FN:17,(anonymous_1)
FN:25,(anonymous_2)
FN:33,(anonymous_3)
FN:37,(anonymous_4)
FN:43,(anonymous_5)
FN:48,(anonymous_6)
FN:64,(anonymous_7)
FN:67,(anonymous_8)
FN:85,(anonymous_9)
FN:90,(anonymous_10)
FN:96,(anonymous_11)
FNF:12
FNH:12
FNDA:12,threadDetailReducer
FNDA:1,(anonymous_1)
FNDA:2,(anonymous_2)
FNDA:1,(anonymous_3)
FNDA:1,(anonymous_4)
FNDA:2,(anonymous_5)
FNDA:2,(anonymous_6)
FNDA:2,(anonymous_7)
FNDA:2,(anonymous_8)
FNDA:3,(anonymous_9)
FNDA:2,(anonymous_10)
FNDA:2,(anonymous_11)
DA:4,12
DA:6,1
DA:8,1
DA:13,1
DA:17,1
DA:21,1
DA:25,2
DA:29,2
DA:33,1
DA:37,1
DA:41,1
DA:44,2
DA:45,1
DA:47,1
DA:48,2
DA:51,1
DA:58,1
DA:62,1
DA:65,2
DA:66,1
DA:67,2
DA:70,1
DA:72,1
DA:79,1
DA:83,2
DA:86,3
DA:87,2
DA:90,2
DA:93,2
DA:96,2
DA:99,2
DA:106,1
DA:110,2
LF:33
LH:33
BRDA:3,0,0,2
BRDA:3,1,0,1
BRDA:4,2,0,1
BRDA:4,2,1,1
BRDA:4,2,2,1
BRDA:4,2,3,1
BRDA:4,2,4,2
BRDA:4,2,5,1
BRDA:4,2,6,1
BRDA:4,2,7,2
BRDA:4,2,8,2
BRDA:31,3,0,1
BRDA:31,3,1,1
BRDA:36,4,0,1
BRDA:36,4,1,1
BRDA:44,5,0,1
BRDA:44,5,1,1
BRDA:65,6,0,1
BRDA:65,6,1,1
BRDA:86,7,0,2
BRDA:86,7,1,1
BRDA:87,8,0,1
BRDA:87,8,1,1
BRDA:93,9,0,1
BRDA:93,9,1,1
BRF:25
BRH:25
end_of_record
TN:
SF:src/states/threads/action.js
FN:8,receiveThreadsActionCreator
FN:17,addThreadActionCreator
FN:26,asyncPopulateThreads
FN:27,(anonymous_3)
FN:38,asyncAddThread
FN:39,(anonymous_5)
FNF:6
FNH:6
FNDA:3,receiveThreadsActionCreator
FNDA:3,addThreadActionCreator
FNDA:2,asyncPopulateThreads
FNDA:2,(anonymous_3)
FNDA:2,asyncAddThread
FNDA:2,(anonymous_5)
DA:3,2
DA:9,3
DA:18,3
DA:27,2
DA:28,2
DA:29,2
DA:31,1
DA:33,1
DA:39,2
DA:40,2
DA:41,2
DA:42,1
DA:44,1
LF:13
LH:13
BRF:0
BRH:0
end_of_record
TN:
SF:src/states/threads/reducer.js
FN:3,threadsReducer
FNF:1
FNH:1
FNDA:4,threadsReducer
DA:4,4
DA:6,1
DA:8,1
DA:10,2
LF:4
LH:4
BRDA:3,0,0,1
BRDA:3,1,0,1
BRDA:4,2,0,1
BRDA:4,2,1,1
BRDA:4,2,2,2
BRF:5
BRH:5
end_of_record
TN:
SF:src/states/users/action.js
FN:8,receiveUsersActionCreator
FN:17,asyncRegisterUser
FN:18,(anonymous_2)
FN:27,asyncPopulateUsers
FN:28,(anonymous_4)
FNF:5
FNH:5
FNDA:3,receiveUsersActionCreator
FNDA:2,asyncRegisterUser
FNDA:2,(anonymous_2)
FNDA:2,asyncPopulateUsers
FNDA:2,(anonymous_4)
DA:3,2
DA:9,3
DA:18,2
DA:19,2
DA:20,2
DA:22,1
DA:28,2
DA:29,2
DA:30,2
DA:32,1
DA:34,1
LF:11
LH:11
BRF:0
BRH:0
end_of_record
TN:
SF:src/states/users/reducer.js
FN:3,usersReducer
FNF:1
FNH:1
FNDA:3,usersReducer
DA:4,3
DA:6,1
DA:8,2
LF:3
LH:3
BRDA:3,0,0,1
BRDA:3,1,0,1
BRDA:4,2,0,1
BRDA:4,2,1,2
BRF:4
BRH:4
end_of_record
TN:
SF:src/utils/api.js
FN:1,(anonymous_0)
FN:4,_fetchWithAuth
FN:14,putAccessToken
FN:18,getAccessToken
FN:22,register
FN:49,login
FN:76,getOwnProfile
FN:98,getAllUsers
FN:117,getAllThread
FN:135,getThreadDetail
FN:153,createThread
FN:181,createComment
FN:210,upVoteThread
FN:236,downVoteThread
FN:262,neutralizeVoteThread
FN:288,upVoteComment
FN:314,downVoteComment
FN:340,neutralizeVoteComment
FN:366,getLeaderboard
FNF:19
FNH:1
FNDA:5,(anonymous_0)
FNDA:0,_fetchWithAuth
FNDA:0,putAccessToken
FNDA:0,getAccessToken
FNDA:0,register
FNDA:0,login
FNDA:0,getOwnProfile
FNDA:0,getAllUsers
FNDA:0,getAllThread
FNDA:0,getThreadDetail
FNDA:0,createThread
FNDA:0,createComment
FNDA:0,upVoteThread
FNDA:0,downVoteThread
FNDA:0,neutralizeVoteThread
FNDA:0,upVoteComment
FNDA:0,downVoteComment
FNDA:0,neutralizeVoteComment
FNDA:0,getLeaderboard
DA:1,5
DA:2,5
DA:5,0
DA:15,0
DA:19,0
DA:23,0
DA:35,0
DA:36,0
DA:38,0
DA:39,0
DA:44,0
DA:46,0
DA:50,0
DA:61,0
DA:63,0
DA:65,0
DA:66,0
DA:71,0
DA:73,0
DA:77,0
DA:78,0
DA:80,0
DA:82,0
DA:84,0
DA:85,0
DA:90,0
DA:92,0
DA:95,0
DA:99,0
DA:101,0
DA:103,0
DA:105,0
DA:106,0
DA:111,0
DA:113,0
DA:118,0
DA:120,0
DA:122,0
DA:124,0
DA:125,0
DA:130,0
DA:132,0
DA:136,0
DA:138,0
DA:140,0
DA:142,0
DA:143,0
DA:148,0
DA:150,0
DA:154,0
DA:166,0
DA:168,0
DA:170,0
DA:171,0
DA:176,0
DA:178,0
DA:182,0
DA:195,0
DA:197,0
DA:199,0
DA:200,0
DA:205,0
DA:207,0
DA:211,0
DA:221,0
DA:223,0
DA:225,0
DA:226,0
DA:231,0
DA:233,0
DA:237,0
DA:247,0
DA:249,0
DA:251,0
DA:252,0
DA:257,0
DA:259,0
DA:263,0
DA:273,0
DA:275,0
DA:277,0
DA:278,0
DA:283,0
DA:285,0
DA:289,0
DA:299,0
DA:301,0
DA:303,0
DA:304,0
DA:309,0
DA:311,0
DA:315,0
DA:325,0
DA:327,0
DA:329,0
DA:330,0
DA:335,0
DA:337,0
DA:341,0
DA:351,0
DA:353,0
DA:355,0
DA:356,0
DA:361,0
DA:363,0
DA:367,0
DA:369,0
DA:371,0
DA:373,0
DA:374,0
DA:379,0
DA:381,0
DA:384,5
LF:113
LH:3
BRDA:4,0,0,0
BRDA:38,1,0,0
BRDA:38,1,1,0
BRDA:65,2,0,0
BRDA:65,2,1,0
BRDA:77,3,0,0
BRDA:77,3,1,0
BRDA:84,4,0,0
BRDA:84,4,1,0
BRDA:105,5,0,0
BRDA:105,5,1,0
BRDA:124,6,0,0
BRDA:124,6,1,0
BRDA:142,7,0,0
BRDA:142,7,1,0
BRDA:170,8,0,0
BRDA:170,8,1,0
BRDA:199,9,0,0
BRDA:199,9,1,0
BRDA:225,10,0,0
BRDA:225,10,1,0
BRDA:251,11,0,0
BRDA:251,11,1,0
BRDA:277,12,0,0
BRDA:277,12,1,0
BRDA:303,13,0,0
BRDA:303,13,1,0
BRDA:329,14,0,0
BRDA:329,14,1,0
BRDA:355,15,0,0
BRDA:355,15,1,0
BRDA:373,16,0,0
BRDA:373,16,1,0
BRF:33
BRH:0
end_of_record
TN:
SF:src/utils/index.js
FN:1,showFormattedDate
FN:25,validateProps
FN:30,(anonymous_2)
FNF:3
FNH:2
FNDA:8,showFormattedDate
FNDA:22,validateProps
FNDA:0,(anonymous_2)
DA:2,8
DA:3,8
DA:4,8
DA:6,8
DA:15,8
DA:17,8
DA:18,8
DA:19,8
DA:20,8
DA:26,22
DA:28,22
DA:29,0
DA:30,0
DA:31,0
DA:35,22
LF:15
LH:12
BRDA:18,0,0,8
BRDA:18,0,1,0
BRDA:28,1,0,0
BRDA:28,1,1,22
BRF:4
BRH:2
end_of_record
